2024-01-19 15:13:42,411 [INFO] Activator:176 - 


2024-01-19 15:13:42,413 [INFO] Activator:177 - !SESSION log4j initialized
2024-01-19 15:13:44,985 [INFO] LogOutputStream:77 - [STDOUT_REDIRECT] 
2024-01-19 15:13:47,469 [INFO] ApplicationProperties:184 - Using Application install path: /opt/st/stm32cubeide_1.13.2/plugins/com.st.stm32cube.common.mx_6.9.2.202309101412
2024-01-19 15:13:47,494 [INFO] DbMcusXml:78 - Set database path to: /opt/st/stm32cubeide_1.13.2/plugins/com.st.stm32cube.common.mx_6.9.2.202309101412//db//mcu/
2024-01-19 15:13:47,495 [INFO] ApiDb:274 - Set plugin database path to: /opt/st/stm32cubeide_1.13.2/plugins/com.st.stm32cube.common.mx_6.9.2.202309101412//db//plugins/boardmanager/
2024-01-19 15:13:47,495 [WARN] ApiDb:259 - Overriding images path with different value:  => /opt/st/stm32cubeide_1.13.2/plugins/com.st.stm32cube.common.mx_6.9.2.202309101412//db//plugins/mcufinder/images/
2024-01-19 15:13:47,508 [INFO] ApiDb:250 - Set database path to: /home/arasu/.stmcufinder/plugins/mcufinder//mcu/
2024-01-19 15:13:47,510 [INFO] DbMcusAds:125 - Set database path to: /home/arasu/.stmcufinder/plugins/mcufinder//mcu/
2024-01-19 15:13:47,514 [INFO] CrossReferenceDbSqlite:203 - Set database path to: /home/arasu/.stmcufinder/plugins/mcufinder//mcu/cs/
2024-01-19 15:13:47,723 [INFO] RulesReader:64 - Compatibility file has been processed (293 Rules)
2024-01-19 15:13:47,801 [INFO] DbMcusXml:78 - Set database path to: /opt/st/stm32cubeide_1.13.2/plugins/com.st.stm32cube.common.mx_6.9.2.202309101412//db//mcu/
2024-01-19 15:13:47,801 [INFO] ApiDb:274 - Set plugin database path to: /opt/st/stm32cubeide_1.13.2/plugins/com.st.stm32cube.common.mx_6.9.2.202309101412//db//plugins/boardmanager/
2024-01-19 15:13:47,802 [INFO] ApiDb:261 - Set plugin images path to: /opt/st/stm32cubeide_1.13.2/plugins/com.st.stm32cube.common.mx_6.9.2.202309101412//db//plugins/mcufinder/images/
2024-01-19 15:13:47,802 [WARN] DbFile:41 - Overriding database path with different value: /home/arasu/.stmcufinder/plugins/mcufinder/ => /home/arasu/.stmcufinder/plugins/mcufinder
2024-01-19 15:13:47,802 [INFO] ApiDb:250 - Set database path to: /home/arasu/.stmcufinder/plugins/mcufinder//mcu/
2024-01-19 15:13:47,802 [WARN] DbFile:41 - Overriding database path with different value: /home/arasu/.stmcufinder/plugins/mcufinder/ => /home/arasu/.stmcufinder/plugins/mcufinder
2024-01-19 15:13:47,803 [INFO] DbMcusAds:125 - Set database path to: /home/arasu/.stmcufinder/plugins/mcufinder//mcu/
2024-01-19 15:13:47,803 [WARN] DbFile:41 - Overriding database path with different value: /home/arasu/.stmcufinder/plugins/mcufinder/ => /home/arasu/.stmcufinder/plugins/mcufinder
2024-01-19 15:13:47,803 [WARN] DbFile:41 - Overriding database path with different value: /home/arasu/.stmcufinder/plugins/mcufinder/ => /home/arasu/.stmcufinder/plugins/mcufinder
2024-01-19 15:13:47,803 [INFO] CrossReferenceDbSqlite:203 - Set database path to: /home/arasu/.stmcufinder/plugins/mcufinder//mcu/cs/
2024-01-19 15:13:47,905 [INFO] MainPanel:262 - HeapMemory: 268435456
2024-01-19 15:13:48,019 [INFO] DbMcusXml:78 - Set database path to: /opt/st/stm32cubeide_1.13.2/plugins/com.st.stm32cube.common.mx_6.9.2.202309101412//db//mcu/
2024-01-19 15:13:48,019 [INFO] ApiDb:274 - Set plugin database path to: /opt/st/stm32cubeide_1.13.2/plugins/com.st.stm32cube.common.mx_6.9.2.202309101412//db//plugins/boardmanager/
2024-01-19 15:13:48,020 [INFO] ApiDb:261 - Set plugin images path to: /opt/st/stm32cubeide_1.13.2/plugins/com.st.stm32cube.common.mx_6.9.2.202309101412//db//plugins/mcufinder/images/
2024-01-19 15:13:48,020 [WARN] DbFile:41 - Overriding database path with different value: /home/arasu/.stmcufinder/plugins/mcufinder/ => /home/arasu/.stmcufinder/plugins/mcufinder
2024-01-19 15:13:48,021 [INFO] ApiDb:250 - Set database path to: /home/arasu/.stmcufinder/plugins/mcufinder//mcu/
2024-01-19 15:13:48,021 [WARN] DbFile:41 - Overriding database path with different value: /home/arasu/.stmcufinder/plugins/mcufinder/ => /home/arasu/.stmcufinder/plugins/mcufinder
2024-01-19 15:13:48,021 [INFO] DbMcusAds:125 - Set database path to: /home/arasu/.stmcufinder/plugins/mcufinder//mcu/
2024-01-19 15:13:48,021 [WARN] DbFile:41 - Overriding database path with different value: /home/arasu/.stmcufinder/plugins/mcufinder/ => /home/arasu/.stmcufinder/plugins/mcufinder
2024-01-19 15:13:48,021 [WARN] DbFile:41 - Overriding database path with different value: /home/arasu/.stmcufinder/plugins/mcufinder/ => /home/arasu/.stmcufinder/plugins/mcufinder
2024-01-19 15:13:48,022 [INFO] CrossReferenceDbSqlite:203 - Set database path to: /home/arasu/.stmcufinder/plugins/mcufinder//mcu/cs/
2024-01-19 15:13:48,044 [INFO] ApplicationProperties:184 - Using Application install path: /opt/st/stm32cubeide_1.13.2/plugins/com.st.stm32cube.common.mx_6.9.2.202309101412
2024-01-19 15:13:48,046 [INFO] PluginManage:196 - Search for loadable plugins [exclusion list=, ]
2024-01-19 15:13:48,047 [INFO] PluginManage:310 - Check plugin analytics
2024-01-19 15:13:48,272 [INFO] AnalyticsPlugin:253 - Accepted Software Licenses: STM32CubeMX.6.9.2
2024-01-19 15:13:48,272 [INFO] AnalyticsPlugin:255 - Accepted CMSIS Pack Licenses: 
2024-01-19 15:13:48,273 [INFO] AnalyticsPlugin:257 - Accepted Firmware Licenses: 
2024-01-19 15:13:48,278 [INFO] PluginManage:359 - Loaded plugin analytics (category:tool,tabindex:-1)
2024-01-19 15:13:48,279 [INFO] PluginManage:310 - Check plugin cadmodel
2024-01-19 15:13:48,322 [INFO] CADModel:105 - Init CAD model plugin
2024-01-19 15:13:48,322 [INFO] PluginManage:359 - Loaded plugin cadmodel (category:power,tabindex:5)
2024-01-19 15:13:48,322 [INFO] PluginManage:310 - Check plugin clock
2024-01-19 15:13:48,335 [INFO] PluginManage:359 - Loaded plugin clock (category:base,tabindex:2)
2024-01-19 15:13:48,335 [INFO] PluginManage:310 - Check plugin ddr
2024-01-19 15:13:48,337 [INFO] PluginManage:359 - Loaded plugin ddr (category:tool,tabindex:6)
2024-01-19 15:13:48,338 [INFO] PluginManage:310 - Check plugin filemanager
2024-01-19 15:13:48,517 [INFO] PluginManage:359 - Loaded plugin filemanager (category:base,tabindex:10)
2024-01-19 15:13:48,517 [INFO] PluginManage:310 - Check plugin ipmanager
2024-01-19 15:13:48,525 [INFO] PluginManage:359 - Loaded plugin ipmanager (category:base,tabindex:5)
2024-01-19 15:13:48,525 [INFO] PluginManage:310 - Check plugin lpbam
2024-01-19 15:13:48,536 [INFO] PluginManage:359 - Loaded plugin lpbam (category:base,tabindex:0)
2024-01-19 15:13:48,537 [INFO] PluginManage:310 - Check plugin memorymap
2024-01-19 15:13:48,550 [INFO] PluginManage:359 - Loaded plugin memorymap (category:base,tabindex:4)
2024-01-19 15:13:48,551 [INFO] PluginManage:310 - Check plugin pinoutandconfiguration
2024-01-19 15:13:48,559 [INFO] PluginManage:359 - Loaded plugin pinoutandconfiguration (category:base,tabindex:1)
2024-01-19 15:13:48,559 [INFO] PluginManage:310 - Check plugin pinoutconfig
2024-01-19 15:13:48,678 [WARN] SupportedApi:132 - Cannot load RTOS API schema: s4s-elt-must-match.1: The content of 'definitions' must match (annotation?, (simpleType | complexType)?, (unique | key | keyref)*)). A problem was found starting at: attribute.
2024-01-19 15:13:48,851 [INFO] PluginManage:359 - Loaded plugin pinoutconfig (category:base,tabindex:0)
2024-01-19 15:13:48,851 [INFO] PluginManage:310 - Check plugin power
2024-01-19 15:13:48,864 [INFO] PluginManage:359 - Loaded plugin power (category:power,tabindex:4)
2024-01-19 15:13:48,865 [INFO] PluginManage:310 - Check plugin projectmanager
2024-01-19 15:13:48,889 [INFO] PluginManage:359 - Loaded plugin projectmanager (category:projectmanager,tabindex:3)
2024-01-19 15:13:48,890 [INFO] PluginManage:310 - Check plugin thirdparty
2024-01-19 15:13:49,128 [INFO] PluginManage:359 - Loaded plugin thirdparty (category:base,tabindex:-1)
2024-01-19 15:13:49,128 [WARN] IntegrityCheckThread:84 - waiting for thirdparty lock release [integrity check]
2024-01-19 15:13:49,129 [INFO] PluginManage:310 - Check plugin tools
2024-01-19 15:13:49,129 [INFO] IntegrityCheckThread:86 - entering critical section [integrity check]
2024-01-19 15:13:49,131 [INFO] ThirdPartyUpdaterWithRetryManager:70 - Updater plugin not ready yet. [1/15]
2024-01-19 15:13:49,133 [INFO] PluginManage:359 - Loaded plugin tools (category:base,tabindex:7)
2024-01-19 15:13:49,133 [INFO] PluginManage:310 - Check plugin tutovideos
2024-01-19 15:13:49,348 [INFO] PluginManage:359 - Loaded plugin tutovideos (category:base,tabindex:-1)
2024-01-19 15:13:49,348 [INFO] PluginManage:310 - Check plugin updater
2024-01-19 15:13:49,362 [INFO] PluginManage:359 - Loaded plugin updater (category:base,tabindex:12)
2024-01-19 15:13:49,363 [INFO] PluginManage:310 - Check plugin userauth
2024-01-19 15:13:49,369 [INFO] UserAuth:113 - Init User Auth plugin
2024-01-19 15:13:49,370 [INFO] PluginManage:359 - Loaded plugin userauth (category:base,tabindex:14)
2024-01-19 15:13:49,370 [INFO] PluginManage:283 - PluginManage : Loaded plugins [17]
2024-01-19 15:13:49,576 [INFO] PinOutPanel:1499 - setPackage(No Configuration,No Configuration)
2024-01-19 15:13:49,704 [INFO] CADModel:165 - CPN selected for project level
2024-01-19 15:13:49,705 [INFO] CADModel:114 - Register for checkConnection events
2024-01-19 15:13:49,722 [INFO] IPUIPlugin:80 - create IPUIPlugin
2024-01-19 15:13:49,724 [INFO] PluginManager:220 - loadIPPluginJar : add mdma
2024-01-19 15:13:49,733 [INFO] IPUIPlugin:80 - create IPUIPlugin
2024-01-19 15:13:49,733 [INFO] PluginManager:220 - loadIPPluginJar : add i3c
2024-01-19 15:13:49,736 [INFO] IPUIPlugin:80 - create IPUIPlugin
2024-01-19 15:13:49,737 [INFO] PluginManager:220 - loadIPPluginJar : add i2c
2024-01-19 15:13:49,739 [INFO] IPUIPlugin:80 - create IPUIPlugin
2024-01-19 15:13:49,739 [INFO] PluginManager:220 - loadIPPluginJar : add spi
2024-01-19 15:13:49,744 [INFO] IPUIPlugin:80 - create IPUIPlugin
2024-01-19 15:13:49,744 [INFO] PluginManager:220 - loadIPPluginJar : add can
2024-01-19 15:13:49,753 [INFO] IPUIPlugin:80 - create IPUIPlugin
2024-01-19 15:13:49,754 [INFO] PluginManager:220 - loadIPPluginJar : add linkedlist
2024-01-19 15:13:49,762 [INFO] IPUIPlugin:80 - create IPUIPlugin
2024-01-19 15:13:49,762 [INFO] PluginManager:220 - loadIPPluginJar : add freertos
2024-01-19 15:13:49,765 [INFO] IPUIPlugin:80 - create IPUIPlugin
2024-01-19 15:13:49,766 [INFO] PluginManager:220 - loadIPPluginJar : add dma3
2024-01-19 15:13:49,769 [INFO] IPUIPlugin:80 - create IPUIPlugin
2024-01-19 15:13:49,769 [INFO] PluginManager:220 - loadIPPluginJar : add dfsdm
2024-01-19 15:13:49,777 [INFO] IPUIPlugin:80 - create IPUIPlugin
2024-01-19 15:13:49,778 [INFO] PluginManager:220 - loadIPPluginJar : add fmc
2024-01-19 15:13:49,782 [INFO] IPUIPlugin:80 - create IPUIPlugin
2024-01-19 15:13:49,782 [INFO] PluginManager:220 - loadIPPluginJar : add sai
2024-01-19 15:13:49,786 [INFO] IPUIPlugin:80 - create IPUIPlugin
2024-01-19 15:13:49,786 [INFO] PluginManager:220 - loadIPPluginJar : add nvic
2024-01-19 15:13:49,788 [INFO] IPUIPlugin:80 - create IPUIPlugin
2024-01-19 15:13:49,788 [INFO] PluginManager:220 - loadIPPluginJar : add tim
2024-01-19 15:13:49,791 [INFO] IPUIPlugin:80 - create IPUIPlugin
2024-01-19 15:13:49,792 [INFO] PluginManager:220 - loadIPPluginJar : add gtzc
2024-01-19 15:13:49,801 [INFO] IPUIPlugin:80 - create IPUIPlugin
2024-01-19 15:13:49,801 [INFO] PluginManager:220 - loadIPPluginJar : add adc
2024-01-19 15:13:49,803 [INFO] IPUIPlugin:80 - create IPUIPlugin
2024-01-19 15:13:49,803 [INFO] PluginManager:220 - loadIPPluginJar : add comp
2024-01-19 15:13:49,806 [INFO] IPUIPlugin:80 - create IPUIPlugin
2024-01-19 15:13:49,806 [INFO] PluginManager:220 - loadIPPluginJar : add opamp
2024-01-19 15:13:49,812 [INFO] IPUIPlugin:80 - create IPUIPlugin
2024-01-19 15:13:49,816 [INFO] PluginManager:220 - loadIPPluginJar : add plateformsettings
2024-01-19 15:13:49,819 [INFO] IPUIPlugin:80 - create IPUIPlugin
2024-01-19 15:13:49,820 [INFO] PluginManager:220 - loadIPPluginJar : add resmgrutility
2024-01-19 15:13:49,821 [INFO] IPUIPlugin:80 - create IPUIPlugin
2024-01-19 15:13:49,821 [INFO] PluginManager:220 - loadIPPluginJar : add quadspi
2024-01-19 15:13:49,823 [INFO] IPUIPlugin:80 - create IPUIPlugin
2024-01-19 15:13:49,823 [INFO] PluginManager:220 - loadIPPluginJar : add tracer_emb
2024-01-19 15:13:49,825 [INFO] IPUIPlugin:80 - create IPUIPlugin
2024-01-19 15:13:49,825 [INFO] PluginManager:220 - loadIPPluginJar : add cryp
2024-01-19 15:13:49,831 [INFO] IPUIPlugin:80 - create IPUIPlugin
2024-01-19 15:13:49,832 [INFO] PluginManager:220 - loadIPPluginJar : add stm32_wpan
2024-01-19 15:13:49,835 [INFO] IPUIPlugin:80 - create IPUIPlugin
2024-01-19 15:13:49,836 [INFO] PluginManager:220 - loadIPPluginJar : add touchsensing
2024-01-19 15:13:49,837 [INFO] IPUIPlugin:80 - create IPUIPlugin
2024-01-19 15:13:49,837 [INFO] PluginManager:220 - loadIPPluginJar : add genericplugin
2024-01-19 15:13:49,839 [INFO] IPUIPlugin:80 - create IPUIPlugin
2024-01-19 15:13:49,840 [INFO] PluginManager:220 - loadIPPluginJar : add i2s
2024-01-19 15:13:49,842 [INFO] IPUIPlugin:80 - create IPUIPlugin
2024-01-19 15:13:49,842 [INFO] PluginManager:220 - loadIPPluginJar : add lorawan
2024-01-19 15:13:49,843 [INFO] IPUIPlugin:80 - create IPUIPlugin
2024-01-19 15:13:49,844 [INFO] PluginManager:220 - loadIPPluginJar : add fatfs
2024-01-19 15:13:49,847 [INFO] IPUIPlugin:80 - create IPUIPlugin
2024-01-19 15:13:49,847 [INFO] PluginManager:220 - loadIPPluginJar : add ipddr
2024-01-19 15:13:49,854 [INFO] IPUIPlugin:80 - create IPUIPlugin
2024-01-19 15:13:49,854 [INFO] PluginManager:220 - loadIPPluginJar : add gic
2024-01-19 15:13:49,858 [INFO] IPUIPlugin:80 - create IPUIPlugin
2024-01-19 15:13:49,858 [INFO] PluginManager:220 - loadIPPluginJar : add usart
2024-01-19 15:13:49,859 [INFO] IPUIPlugin:80 - create IPUIPlugin
2024-01-19 15:13:49,860 [INFO] PluginManager:220 - loadIPPluginJar : add ts
2024-01-19 15:13:49,862 [INFO] IPUIPlugin:80 - create IPUIPlugin
2024-01-19 15:13:49,863 [INFO] PluginManager:220 - loadIPPluginJar : add aes
2024-01-19 15:13:49,865 [INFO] IPUIPlugin:80 - create IPUIPlugin
2024-01-19 15:13:49,865 [INFO] PluginManager:220 - loadIPPluginJar : add hash
2024-01-19 15:13:49,869 [INFO] IPUIPlugin:80 - create IPUIPlugin
2024-01-19 15:13:49,869 [INFO] PluginManager:220 - loadIPPluginJar : add openamp
2024-01-19 15:13:49,873 [INFO] IPUIPlugin:80 - create IPUIPlugin
2024-01-19 15:13:49,873 [INFO] PluginManager:220 - loadIPPluginJar : add usbx
2024-01-19 15:13:49,875 [INFO] IPUIPlugin:80 - create IPUIPlugin
2024-01-19 15:13:49,875 [INFO] PluginManager:220 - loadIPPluginJar : add tsc
2024-01-19 15:13:49,876 [INFO] IPUIPlugin:80 - create IPUIPlugin
2024-01-19 15:13:49,876 [INFO] PluginManager:220 - loadIPPluginJar : add ltdc
2024-01-19 15:13:49,878 [INFO] IPUIPlugin:80 - create IPUIPlugin
2024-01-19 15:13:49,878 [INFO] PluginManager:220 - loadIPPluginJar : add gfxmmu
2024-01-19 15:13:49,880 [INFO] IPUIPlugin:80 - create IPUIPlugin
2024-01-19 15:13:49,880 [INFO] PluginManager:220 - loadIPPluginJar : add ucpd
2024-01-19 15:13:49,886 [INFO] IPUIPlugin:80 - create IPUIPlugin
2024-01-19 15:13:49,887 [INFO] PluginManager:220 - loadIPPluginJar : add gpio
2024-01-19 15:13:49,890 [INFO] IPUIPlugin:80 - create IPUIPlugin
2024-01-19 15:13:49,891 [INFO] PluginManager:220 - loadIPPluginJar : add pdm2pcm
2024-01-19 15:13:49,898 [INFO] IPUIPlugin:80 - create IPUIPlugin
2024-01-19 15:13:49,898 [INFO] PluginManager:220 - loadIPPluginJar : add dma
2024-01-19 15:13:50,026 [INFO] CADModel:165 - CPN selected for project level
2024-01-19 15:13:50,027 [INFO] CADModel:114 - Register for checkConnection events
2024-01-19 15:13:50,027 [FATAL] Updater:308 - Updater called before beeing initialized
2024-01-19 15:13:50,027 [ERROR] CADModel:125 - Updater not yet initialized, retry later 
2024-01-19 15:13:50,214 [INFO] CADModel:165 - CPN selected for project level
2024-01-19 15:13:50,214 [INFO] CADModel:114 - Register for checkConnection events
2024-01-19 15:13:50,214 [FATAL] Updater:308 - Updater called before beeing initialized
2024-01-19 15:13:50,214 [ERROR] CADModel:125 - Updater not yet initialized, retry later 
2024-01-19 15:13:50,222 [FATAL] Updater:308 - Updater called before beeing initialized
2024-01-19 15:13:50,368 [FATAL] Updater:308 - Updater called before beeing initialized
2024-01-19 15:13:50,376 [INFO] DbMcusAds:53 - JSON generation date=Wed Nov 29 16:22:27 IST 2023 (1701255147349)
2024-01-19 15:13:50,376 [FATAL] Updater:308 - Updater called before beeing initialized
2024-01-19 15:13:50,431 [WARN] DetailPanel:346 - Failed to get advertising image, set to default
2024-01-19 15:13:50,569 [FATAL] Updater:308 - Updater called before beeing initialized
2024-01-19 15:13:50,571 [FATAL] Updater:308 - Updater called before beeing initialized
2024-01-19 15:13:50,572 [FATAL] Updater:308 - Updater called before beeing initialized
2024-01-19 15:13:50,572 [WARN] DetailPanel:346 - Failed to get advertising image, set to default
2024-01-19 15:13:50,573 [FATAL] Updater:308 - Updater called before beeing initialized
2024-01-19 15:13:50,619 [ERROR] Updater:1120 - MainUpdater not yet initialized. External WinMGr cannot be set.
2024-01-19 15:13:50,621 [INFO] Updater:1056 - Updater Version found : 6.9.2
2024-01-19 15:13:50,647 [INFO] ApplicationProperties:184 - Using Application install path: /opt/st/stm32cubeide_1.13.2/plugins/com.st.stm32cube.common.mx_6.9.2.202309101412
2024-01-19 15:13:50,854 [INFO] MainUpdater:2868 - connection check result : 10
2024-01-19 15:13:50,855 [INFO] MainUpdater:285 - Updater Check For Update Now.
2024-01-19 15:13:50,856 [INFO] MicroXplorer:498 - Change Database Version : DB.6.0.92
2024-01-19 15:13:50,866 [INFO] McuFinderGlobals:63 - Set McuFinder mode to 2 (CubeIDE integrated)
2024-01-19 15:13:50,867 [INFO] UserAuth:179 - activating auth plugin
2024-01-19 15:13:50,873 [INFO] UserAuth:393 - Internet connection configuration mode: 1
2024-01-19 15:13:50,892 [INFO] JxBrowserEngine:151 - Initiate JxBrowser Engine with user profile folder
2024-01-19 15:13:51,098 [INFO] CheckServerUpdateThread:120 - End of CheckServer Thread
2024-01-19 15:13:51,768 [INFO] WebApp:157 - Instantiating new browser for Auth
2024-01-19 15:13:52,329 [WARN] PackLoader:240 - Cannot read IP mode file for STMicroelectronics.X-CUBE-SMBUS.2.1.0
2024-01-19 15:13:52,337 [WARN] PackLoader:240 - Cannot read IP mode file for STMicroelectronics.X-CUBE-TOUCHGFX.4.23.0
2024-01-19 15:13:52,413 [WARN] PackLoader:240 - Cannot read IP mode file for STMicroelectronics.X-CUBE-AZRTOS-F7.1.1.0
2024-01-19 15:13:52,441 [WARN] PackLoader:240 - Cannot read IP mode file for STMicroelectronics.FP-SNS-MOTENV1.4.3.2
2024-01-19 15:13:52,464 [WARN] PackLoader:240 - Cannot read IP mode file for STMicroelectronics.FP-SNS-FLIGHT1.5.0.2
2024-01-19 15:13:52,487 [WARN] PackLoader:240 - Cannot read IP mode file for STMicroelectronics.X-CUBE-DISPLAY.3.0.0
2024-01-19 15:13:52,552 [WARN] PackLoader:240 - Cannot read IP mode file for STMicroelectronics.X-CUBE-BLE1.7.0.0
2024-01-19 15:13:52,569 [WARN] PackLoader:240 - Cannot read IP mode file for emotas.I-CUBE-CANOPEN.1.3.0
2024-01-19 15:13:52,574 [WARN] PackLoader:240 - Cannot read IP mode file for STMicroelectronics.X-CUBE-TOUCHGFX.4.22.1
2024-01-19 15:13:52,581 [WARN] PackLoader:240 - Cannot read IP mode file for STMicroelectronics.FP-SNS-SMARTAG2.1.2.0
2024-01-19 15:13:52,609 [INFO] LogOutputStream:77 - [STDOUT_REDIRECT] 1 : Invalid condition id : UX_CORESTACK_Condition cause : null
2024-01-19 15:13:52,611 [INFO] LogOutputStream:77 - [STDOUT_REDIRECT] 1 : Invalid condition id : UX_CORESTACK_Condition cause : null
2024-01-19 15:13:52,611 [INFO] LogOutputStream:77 - [STDOUT_REDIRECT] 1 : Invalid condition id : UX_CORESTACK_Condition cause : null
2024-01-19 15:13:52,612 [INFO] LogOutputStream:77 - [STDOUT_REDIRECT] 1 : Invalid condition id : UX_CORESTACK_Condition cause : null
2024-01-19 15:13:52,613 [INFO] LogOutputStream:77 - [STDOUT_REDIRECT] 1 : Invalid condition id : UX_CORESTACK_Condition cause : null
2024-01-19 15:13:52,626 [WARN] PackLoader:240 - Cannot read IP mode file for STMicroelectronics.X-CUBE-AZRTOS-WL.2.0.0
2024-01-19 15:13:52,645 [WARN] PackLoader:240 - Cannot read IP mode file for WES.I-CUBE-Cesium.1.3.0
2024-01-19 15:13:52,681 [WARN] PackLoader:240 - Cannot read IP mode file for STMicroelectronics.X-CUBE-BLE2.3.3.0
2024-01-19 15:13:52,699 [WARN] PackLoader:240 - Cannot read IP mode file for STMicroelectronics.X-CUBE-ALGOBUILD.1.3.0
2024-01-19 15:13:52,753 [WARN] PackLoader:240 - Cannot read IP mode file for STMicroelectronics.X-CUBE-AZRTOS-G0.1.1.0
2024-01-19 15:13:52,779 [WARN] PackLoader:240 - Cannot read IP mode file for STMicroelectronics.X-CUBE-NFC4.3.0.0
2024-01-19 15:13:52,806 [WARN] PackLoader:240 - Cannot read IP mode file for STMicroelectronics.X-CUBE-BLEMGR.3.0.0
2024-01-19 15:13:52,820 [WARN] PackLoader:240 - Cannot read IP mode file for STMicroelectronics.FP-ATR-SIGFOX1.3.2.0
2024-01-19 15:13:52,833 [WARN] PackLoader:240 - Cannot read IP mode file for STMicroelectronics.X-CUBE-GNSS1.6.0.0
2024-01-19 15:13:52,886 [WARN] PackLoader:240 - Cannot read IP mode file for STMicroelectronics.X-CUBE-AZRTOS-F4.1.1.0
2024-01-19 15:13:52,899 [WARN] PackLoader:240 - Cannot read IP mode file for wolfSSL.I-CUBE-wolfSSL.5.6.4
2024-01-19 15:13:52,956 [WARN] PackLoader:240 - Cannot read IP mode file for STMicroelectronics.X-CUBE-AZRTOS-L5.2.0.0
2024-01-19 15:13:52,978 [WARN] PackLoader:240 - Cannot read IP mode file for STMicroelectronics.X-CUBE-EEPRMA1.4.2.0
2024-01-19 15:13:52,981 [INFO] WebApp:753 - Register for checkConnection events
2024-01-19 15:13:52,982 [INFO] WebApp:390 - Apply proxy settings
2024-01-19 15:13:52,983 [INFO] WebApp:475 - Chromium requires no authentication
2024-01-19 15:13:52,989 [WARN] PackLoader:240 - Cannot read IP mode file for ITTIA_DB.I-CUBE-ITTIADB.8.8.0
2024-01-19 15:13:52,994 [INFO] WebApp:418 - Direct internet connection detected
2024-01-19 15:13:53,053 [WARN] ConditionMgr:438 - getConditionDescription Invalid condition id : UX DEVICE CLASS RTOS Condition cause : null
2024-01-19 15:13:53,054 [WARN] ConditionMgr:438 - getConditionDescription Invalid condition id : UX DEVICE CLASS RTOS Condition cause : null
2024-01-19 15:13:53,063 [WARN] PackLoader:240 - Cannot read IP mode file for STMicroelectronics.X-CUBE-AZRTOS-H7.3.1.0
2024-01-19 15:13:53,068 [WARN] ConditionMgr:1039 - genDependencies : Invalid condition id : UX DEVICE CLASS RTOS Condition cause : null
2024-01-19 15:13:53,074 [WARN] ConditionMgr:1039 - genDependencies : Invalid condition id : UX DEVICE CLASS RTOS Condition cause : null
2024-01-19 15:13:53,076 [WARN] ConditionMgr:1039 - genDependencies : Invalid condition id : UX DEVICE CLASS RTOS Condition cause : null
2024-01-19 15:13:53,081 [WARN] ConditionMgr:1039 - genDependencies : Invalid condition id : UX DEVICE CLASS RTOS Condition cause : null
2024-01-19 15:13:53,081 [WARN] ConditionMgr:1039 - genDependencies : Invalid condition id : UX DEVICE CLASS RTOS Condition cause : null
2024-01-19 15:13:53,095 [WARN] PackLoader:240 - Cannot read IP mode file for STMicroelectronics.X-CUBE-NFC7.1.0.1
2024-01-19 15:13:53,119 [WARN] PackLoader:240 - Cannot read IP mode file for STMicroelectronics.X-CUBE-NFC6.3.0.0
2024-01-19 15:13:53,131 [WARN] PackLoader:240 - Cannot read IP mode file for STMicroelectronics.X-CUBE-AI.8.1.0
2024-01-19 15:13:53,170 [WARN] ConditionMgr:438 - getConditionDescription Invalid condition id : LAN8742 Phy interface Condition cause : null
2024-01-19 15:13:53,173 [WARN] PackLoader:240 - Cannot read IP mode file for STMicroelectronics.X-CUBE-AZRTOS-L4.2.0.0
2024-01-19 15:13:53,176 [WARN] ConditionMgr:1039 - genDependencies : Invalid condition id : LAN8742 Phy interface Condition cause : null
2024-01-19 15:13:53,176 [WARN] ConditionMgr:1039 - genDependencies : Invalid condition id : LAN8742 Phy interface Condition cause : null
2024-01-19 15:13:53,178 [WARN] ConditionMgr:1039 - genDependencies : Invalid condition id : LAN8742 Phy interface Condition cause : null
2024-01-19 15:13:53,197 [WARN] PackLoader:240 - Cannot read IP mode file for STMicroelectronics.X-CUBE-SFXS2LP1.4.0.0
2024-01-19 15:13:53,210 [WARN] PackLoader:240 - Cannot read IP mode file for STMicroelectronics.X-CUBE-ISPU.1.1.0
2024-01-19 15:13:53,246 [WARN] ConditionMgr:438 - getConditionDescription Invalid condition id : UX DEVICE CLASS RTOS Condition cause : null
2024-01-19 15:13:53,247 [WARN] ConditionMgr:438 - getConditionDescription Invalid condition id : UX DEVICE CLASS RTOS Condition cause : null
2024-01-19 15:13:53,258 [WARN] PackLoader:240 - Cannot read IP mode file for STMicroelectronics.X-CUBE-AZRTOS-WB.2.0.0
2024-01-19 15:13:53,260 [WARN] ConditionMgr:1039 - genDependencies : Invalid condition id : UX DEVICE CLASS RTOS Condition cause : null
2024-01-19 15:13:53,260 [WARN] ConditionMgr:1039 - genDependencies : Invalid condition id : UX DEVICE CLASS RTOS Condition cause : null
2024-01-19 15:13:53,263 [WARN] ConditionMgr:1039 - genDependencies : Invalid condition id : UX DEVICE CLASS RTOS Condition cause : null
2024-01-19 15:13:53,264 [WARN] ConditionMgr:1039 - genDependencies : Invalid condition id : UX DEVICE CLASS RTOS Condition cause : null
2024-01-19 15:13:53,264 [WARN] ConditionMgr:1039 - genDependencies : Invalid condition id : UX DEVICE CLASS RTOS Condition cause : null
2024-01-19 15:13:53,293 [WARN] PackLoader:240 - Cannot read IP mode file for STMicroelectronics.X-CUBE-SUBG2.5.0.0
2024-01-19 15:13:53,354 [WARN] PackLoader:240 - Cannot read IP mode file for STMicroelectronics.X-CUBE-AZRTOS-G4.2.0.0
2024-01-19 15:13:53,369 [INFO] WebApp:188 - Starting web application
2024-01-19 15:13:53,370 [INFO] WebApp:520 - Web application path used /opt/st/stm32cubeide_1.13.2/plugins/com.st.stm32cube.common.mx_6.9.2.202309101412/db/plugins/mcufinder/reactClient1/index.html
2024-01-19 15:13:53,422 [WARN] PackLoader:240 - Cannot read IP mode file for Infineon.AIROC-Wi-Fi-Bluetooth-STM32.1.5.1
2024-01-19 15:13:53,437 [WARN] PackLoader:240 - Cannot read IP mode file for STMicroelectronics.FP-SNS-MOTENVWB1.1.3.0
2024-01-19 15:13:53,444 [WARN] PackLoader:240 - Cannot read IP mode file for STMicroelectronics.FP-SNS-MOTENVWB1.1.3.1
2024-01-19 15:13:53,453 [WARN] PackLoader:240 - Cannot read IP mode file for STMicroelectronics.X-CUBE-ISPU.2.0.0
2024-01-19 15:13:53,538 [WARN] PackLoader:240 - Cannot read IP mode file for STMicroelectronics.X-CUBE-MEMS1.10.0.0
2024-01-19 15:13:53,816 [WARN] PackLoader:240 - Cannot read IP mode file for STMicroelectronics.X-CUBE-FREERTOS.1.1.0
2024-01-19 15:13:53,825 [WARN] PackLoader:240 - Cannot read IP mode file for portGmbH.I-Cube-SoM-uGOAL.1.1.0
2024-01-19 15:13:53,833 [WARN] PackLoader:240 - Cannot read IP mode file for STMicroelectronics.X-CUBE-ALS.1.0.1
2024-01-19 15:13:53,839 [WARN] PackLoader:240 - Cannot read IP mode file for STMicroelectronics.FP-ATR-ASTRA1.2.0.0
2024-01-19 15:13:53,859 [WARN] PackLoader:240 - Cannot read IP mode file for STMicroelectronics.X-CUBE-TOF1.3.4.0
2024-01-19 15:13:53,917 [WARN] PackLoader:240 - Cannot read IP mode file for STMicroelectronics.X-CUBE-AZRTOS-H7.3.2.0
2024-01-19 15:13:53,926 [INFO] ThirdParty:978 - Integrity check success = true
2024-01-19 15:13:53,926 [INFO] IntegrityCheckThread:100 - exiting critical section [integrity check]
2024-01-19 15:13:53,926 [INFO] IntegrityCheckThread:103 - End integrity checks thread
2024-01-19 15:14:14,277 [ERROR] LogOutputStream:75 - [STDERR_REDIRECT] SLF4J: Failed to load class "org.slf4j.impl.StaticLoggerBinder".
2024-01-19 15:14:14,277 [ERROR] LogOutputStream:75 - [STDERR_REDIRECT] SLF4J: Defaulting to no-operation (NOP) logger implementation
2024-01-19 15:14:14,278 [ERROR] LogOutputStream:75 - [STDERR_REDIRECT] SLF4J: See http://www.slf4j.org/codes.html#StaticLoggerBinder for further details.
2024-01-19 15:17:03,342 [ERROR] LogOutputStream:75 - [STDERR_REDIRECT] 
2024-01-19 15:17:28,843 [INFO] Activator:176 - 


2024-01-19 15:17:28,847 [INFO] Activator:177 - !SESSION log4j initialized
2024-01-19 15:17:31,880 [INFO] LogOutputStream:77 - [STDOUT_REDIRECT] 
2024-01-19 15:17:33,948 [INFO] ApplicationProperties:184 - Using Application install path: /opt/st/stm32cubeide_1.13.2/plugins/com.st.stm32cube.common.mx_6.9.2.202309101412
2024-01-19 15:17:33,973 [INFO] DbMcusXml:78 - Set database path to: /opt/st/stm32cubeide_1.13.2/plugins/com.st.stm32cube.common.mx_6.9.2.202309101412//db//mcu/
2024-01-19 15:17:33,974 [INFO] ApiDb:274 - Set plugin database path to: /opt/st/stm32cubeide_1.13.2/plugins/com.st.stm32cube.common.mx_6.9.2.202309101412//db//plugins/boardmanager/
2024-01-19 15:17:33,975 [WARN] ApiDb:259 - Overriding images path with different value:  => /opt/st/stm32cubeide_1.13.2/plugins/com.st.stm32cube.common.mx_6.9.2.202309101412//db//plugins/mcufinder/images/
2024-01-19 15:17:33,985 [INFO] ApiDb:250 - Set database path to: /home/arasu/.stmcufinder/plugins/mcufinder//mcu/
2024-01-19 15:17:33,987 [INFO] DbMcusAds:125 - Set database path to: /home/arasu/.stmcufinder/plugins/mcufinder//mcu/
2024-01-19 15:17:33,990 [INFO] CrossReferenceDbSqlite:203 - Set database path to: /home/arasu/.stmcufinder/plugins/mcufinder//mcu/cs/
2024-01-19 15:17:34,166 [INFO] RulesReader:64 - Compatibility file has been processed (293 Rules)
2024-01-19 15:17:34,249 [INFO] DbMcusXml:78 - Set database path to: /opt/st/stm32cubeide_1.13.2/plugins/com.st.stm32cube.common.mx_6.9.2.202309101412//db//mcu/
2024-01-19 15:17:34,249 [INFO] ApiDb:274 - Set plugin database path to: /opt/st/stm32cubeide_1.13.2/plugins/com.st.stm32cube.common.mx_6.9.2.202309101412//db//plugins/boardmanager/
2024-01-19 15:17:34,249 [INFO] ApiDb:261 - Set plugin images path to: /opt/st/stm32cubeide_1.13.2/plugins/com.st.stm32cube.common.mx_6.9.2.202309101412//db//plugins/mcufinder/images/
2024-01-19 15:17:34,250 [WARN] DbFile:41 - Overriding database path with different value: /home/arasu/.stmcufinder/plugins/mcufinder/ => /home/arasu/.stmcufinder/plugins/mcufinder
2024-01-19 15:17:34,250 [INFO] ApiDb:250 - Set database path to: /home/arasu/.stmcufinder/plugins/mcufinder//mcu/
2024-01-19 15:17:34,250 [WARN] DbFile:41 - Overriding database path with different value: /home/arasu/.stmcufinder/plugins/mcufinder/ => /home/arasu/.stmcufinder/plugins/mcufinder
2024-01-19 15:17:34,250 [INFO] DbMcusAds:125 - Set database path to: /home/arasu/.stmcufinder/plugins/mcufinder//mcu/
2024-01-19 15:17:34,250 [WARN] DbFile:41 - Overriding database path with different value: /home/arasu/.stmcufinder/plugins/mcufinder/ => /home/arasu/.stmcufinder/plugins/mcufinder
2024-01-19 15:17:34,251 [WARN] DbFile:41 - Overriding database path with different value: /home/arasu/.stmcufinder/plugins/mcufinder/ => /home/arasu/.stmcufinder/plugins/mcufinder
2024-01-19 15:17:34,251 [INFO] CrossReferenceDbSqlite:203 - Set database path to: /home/arasu/.stmcufinder/plugins/mcufinder//mcu/cs/
2024-01-19 15:17:34,320 [INFO] MainPanel:262 - HeapMemory: 268435456
2024-01-19 15:17:34,393 [INFO] DbMcusXml:78 - Set database path to: /opt/st/stm32cubeide_1.13.2/plugins/com.st.stm32cube.common.mx_6.9.2.202309101412//db//mcu/
2024-01-19 15:17:34,394 [INFO] ApiDb:274 - Set plugin database path to: /opt/st/stm32cubeide_1.13.2/plugins/com.st.stm32cube.common.mx_6.9.2.202309101412//db//plugins/boardmanager/
2024-01-19 15:17:34,394 [INFO] ApiDb:261 - Set plugin images path to: /opt/st/stm32cubeide_1.13.2/plugins/com.st.stm32cube.common.mx_6.9.2.202309101412//db//plugins/mcufinder/images/
2024-01-19 15:17:34,394 [WARN] DbFile:41 - Overriding database path with different value: /home/arasu/.stmcufinder/plugins/mcufinder/ => /home/arasu/.stmcufinder/plugins/mcufinder
2024-01-19 15:17:34,394 [INFO] ApiDb:250 - Set database path to: /home/arasu/.stmcufinder/plugins/mcufinder//mcu/
2024-01-19 15:17:34,394 [WARN] DbFile:41 - Overriding database path with different value: /home/arasu/.stmcufinder/plugins/mcufinder/ => /home/arasu/.stmcufinder/plugins/mcufinder
2024-01-19 15:17:34,394 [INFO] DbMcusAds:125 - Set database path to: /home/arasu/.stmcufinder/plugins/mcufinder//mcu/
2024-01-19 15:17:34,395 [WARN] DbFile:41 - Overriding database path with different value: /home/arasu/.stmcufinder/plugins/mcufinder/ => /home/arasu/.stmcufinder/plugins/mcufinder
2024-01-19 15:17:34,395 [WARN] DbFile:41 - Overriding database path with different value: /home/arasu/.stmcufinder/plugins/mcufinder/ => /home/arasu/.stmcufinder/plugins/mcufinder
2024-01-19 15:17:34,395 [INFO] CrossReferenceDbSqlite:203 - Set database path to: /home/arasu/.stmcufinder/plugins/mcufinder//mcu/cs/
2024-01-19 15:17:34,410 [INFO] ApplicationProperties:184 - Using Application install path: /opt/st/stm32cubeide_1.13.2/plugins/com.st.stm32cube.common.mx_6.9.2.202309101412
2024-01-19 15:17:34,411 [INFO] PluginManage:196 - Search for loadable plugins [exclusion list=, ]
2024-01-19 15:17:34,412 [INFO] PluginManage:310 - Check plugin analytics
2024-01-19 15:17:34,581 [INFO] AnalyticsPlugin:253 - Accepted Software Licenses: STM32CubeMX.6.9.2
2024-01-19 15:17:34,581 [INFO] AnalyticsPlugin:255 - Accepted CMSIS Pack Licenses: 
2024-01-19 15:17:34,582 [INFO] AnalyticsPlugin:257 - Accepted Firmware Licenses: 
2024-01-19 15:17:34,585 [INFO] PluginManage:359 - Loaded plugin analytics (category:tool,tabindex:-1)
2024-01-19 15:17:34,586 [INFO] PluginManage:310 - Check plugin cadmodel
2024-01-19 15:17:34,623 [INFO] CADModel:105 - Init CAD model plugin
2024-01-19 15:17:34,624 [INFO] PluginManage:359 - Loaded plugin cadmodel (category:power,tabindex:5)
2024-01-19 15:17:34,624 [INFO] PluginManage:310 - Check plugin clock
2024-01-19 15:17:34,632 [INFO] PluginManage:359 - Loaded plugin clock (category:base,tabindex:2)
2024-01-19 15:17:34,632 [INFO] PluginManage:310 - Check plugin ddr
2024-01-19 15:17:34,635 [INFO] PluginManage:359 - Loaded plugin ddr (category:tool,tabindex:6)
2024-01-19 15:17:34,635 [INFO] PluginManage:310 - Check plugin filemanager
2024-01-19 15:17:34,764 [INFO] PluginManage:359 - Loaded plugin filemanager (category:base,tabindex:10)
2024-01-19 15:17:34,764 [INFO] PluginManage:310 - Check plugin ipmanager
2024-01-19 15:17:34,769 [INFO] PluginManage:359 - Loaded plugin ipmanager (category:base,tabindex:5)
2024-01-19 15:17:34,769 [INFO] PluginManage:310 - Check plugin lpbam
2024-01-19 15:17:34,778 [INFO] PluginManage:359 - Loaded plugin lpbam (category:base,tabindex:0)
2024-01-19 15:17:34,778 [INFO] PluginManage:310 - Check plugin memorymap
2024-01-19 15:17:34,789 [INFO] PluginManage:359 - Loaded plugin memorymap (category:base,tabindex:4)
2024-01-19 15:17:34,789 [INFO] PluginManage:310 - Check plugin pinoutandconfiguration
2024-01-19 15:17:34,796 [INFO] PluginManage:359 - Loaded plugin pinoutandconfiguration (category:base,tabindex:1)
2024-01-19 15:17:34,796 [INFO] PluginManage:310 - Check plugin pinoutconfig
2024-01-19 15:17:34,891 [WARN] SupportedApi:132 - Cannot load RTOS API schema: s4s-elt-must-match.1: The content of 'definitions' must match (annotation?, (simpleType | complexType)?, (unique | key | keyref)*)). A problem was found starting at: attribute.
2024-01-19 15:17:35,041 [INFO] PluginManage:359 - Loaded plugin pinoutconfig (category:base,tabindex:0)
2024-01-19 15:17:35,041 [INFO] PluginManage:310 - Check plugin power
2024-01-19 15:17:35,051 [INFO] PluginManage:359 - Loaded plugin power (category:power,tabindex:4)
2024-01-19 15:17:35,051 [INFO] PluginManage:310 - Check plugin projectmanager
2024-01-19 15:17:35,070 [INFO] PluginManage:359 - Loaded plugin projectmanager (category:projectmanager,tabindex:3)
2024-01-19 15:17:35,070 [INFO] PluginManage:310 - Check plugin thirdparty
2024-01-19 15:17:35,238 [INFO] PluginManage:359 - Loaded plugin thirdparty (category:base,tabindex:-1)
2024-01-19 15:17:35,238 [WARN] IntegrityCheckThread:84 - waiting for thirdparty lock release [integrity check]
2024-01-19 15:17:35,239 [INFO] PluginManage:310 - Check plugin tools
2024-01-19 15:17:35,239 [INFO] IntegrityCheckThread:86 - entering critical section [integrity check]
2024-01-19 15:17:35,240 [INFO] ThirdPartyUpdaterWithRetryManager:70 - Updater plugin not ready yet. [1/15]
2024-01-19 15:17:35,242 [INFO] PluginManage:359 - Loaded plugin tools (category:base,tabindex:7)
2024-01-19 15:17:35,242 [INFO] PluginManage:310 - Check plugin tutovideos
2024-01-19 15:17:35,435 [INFO] PluginManage:359 - Loaded plugin tutovideos (category:base,tabindex:-1)
2024-01-19 15:17:35,436 [INFO] PluginManage:310 - Check plugin updater
2024-01-19 15:17:35,447 [INFO] PluginManage:359 - Loaded plugin updater (category:base,tabindex:12)
2024-01-19 15:17:35,447 [INFO] PluginManage:310 - Check plugin userauth
2024-01-19 15:17:35,453 [INFO] UserAuth:113 - Init User Auth plugin
2024-01-19 15:17:35,454 [INFO] PluginManage:359 - Loaded plugin userauth (category:base,tabindex:14)
2024-01-19 15:17:35,454 [INFO] PluginManage:283 - PluginManage : Loaded plugins [17]
2024-01-19 15:17:35,647 [INFO] PinOutPanel:1499 - setPackage(No Configuration,No Configuration)
2024-01-19 15:17:35,731 [INFO] CADModel:165 - CPN selected for project level
2024-01-19 15:17:35,731 [INFO] CADModel:114 - Register for checkConnection events
2024-01-19 15:17:35,743 [INFO] IPUIPlugin:80 - create IPUIPlugin
2024-01-19 15:17:35,743 [INFO] PluginManager:220 - loadIPPluginJar : add mdma
2024-01-19 15:17:35,749 [INFO] IPUIPlugin:80 - create IPUIPlugin
2024-01-19 15:17:35,749 [INFO] PluginManager:220 - loadIPPluginJar : add i3c
2024-01-19 15:17:35,751 [INFO] IPUIPlugin:80 - create IPUIPlugin
2024-01-19 15:17:35,752 [INFO] PluginManager:220 - loadIPPluginJar : add i2c
2024-01-19 15:17:35,754 [INFO] IPUIPlugin:80 - create IPUIPlugin
2024-01-19 15:17:35,754 [INFO] PluginManager:220 - loadIPPluginJar : add spi
2024-01-19 15:17:35,756 [INFO] IPUIPlugin:80 - create IPUIPlugin
2024-01-19 15:17:35,756 [INFO] PluginManager:220 - loadIPPluginJar : add can
2024-01-19 15:17:35,763 [INFO] IPUIPlugin:80 - create IPUIPlugin
2024-01-19 15:17:35,763 [INFO] PluginManager:220 - loadIPPluginJar : add linkedlist
2024-01-19 15:17:35,768 [INFO] IPUIPlugin:80 - create IPUIPlugin
2024-01-19 15:17:35,769 [INFO] PluginManager:220 - loadIPPluginJar : add freertos
2024-01-19 15:17:35,770 [INFO] IPUIPlugin:80 - create IPUIPlugin
2024-01-19 15:17:35,771 [INFO] PluginManager:220 - loadIPPluginJar : add dma3
2024-01-19 15:17:35,772 [INFO] IPUIPlugin:80 - create IPUIPlugin
2024-01-19 15:17:35,773 [INFO] PluginManager:220 - loadIPPluginJar : add dfsdm
2024-01-19 15:17:35,778 [INFO] IPUIPlugin:80 - create IPUIPlugin
2024-01-19 15:17:35,778 [INFO] PluginManager:220 - loadIPPluginJar : add fmc
2024-01-19 15:17:35,780 [INFO] IPUIPlugin:80 - create IPUIPlugin
2024-01-19 15:17:35,781 [INFO] PluginManager:220 - loadIPPluginJar : add sai
2024-01-19 15:17:35,783 [INFO] IPUIPlugin:80 - create IPUIPlugin
2024-01-19 15:17:35,784 [INFO] PluginManager:220 - loadIPPluginJar : add nvic
2024-01-19 15:17:35,785 [INFO] IPUIPlugin:80 - create IPUIPlugin
2024-01-19 15:17:35,786 [INFO] PluginManager:220 - loadIPPluginJar : add tim
2024-01-19 15:17:35,788 [INFO] IPUIPlugin:80 - create IPUIPlugin
2024-01-19 15:17:35,788 [INFO] PluginManager:220 - loadIPPluginJar : add gtzc
2024-01-19 15:17:35,793 [INFO] IPUIPlugin:80 - create IPUIPlugin
2024-01-19 15:17:35,793 [INFO] PluginManager:220 - loadIPPluginJar : add adc
2024-01-19 15:17:35,795 [INFO] IPUIPlugin:80 - create IPUIPlugin
2024-01-19 15:17:35,795 [INFO] PluginManager:220 - loadIPPluginJar : add comp
2024-01-19 15:17:35,797 [INFO] IPUIPlugin:80 - create IPUIPlugin
2024-01-19 15:17:35,797 [INFO] PluginManager:220 - loadIPPluginJar : add opamp
2024-01-19 15:17:35,803 [INFO] IPUIPlugin:80 - create IPUIPlugin
2024-01-19 15:17:35,805 [INFO] PluginManager:220 - loadIPPluginJar : add plateformsettings
2024-01-19 15:17:35,808 [INFO] IPUIPlugin:80 - create IPUIPlugin
2024-01-19 15:17:35,809 [INFO] PluginManager:220 - loadIPPluginJar : add resmgrutility
2024-01-19 15:17:35,810 [INFO] IPUIPlugin:80 - create IPUIPlugin
2024-01-19 15:17:35,810 [INFO] PluginManager:220 - loadIPPluginJar : add quadspi
2024-01-19 15:17:35,812 [INFO] IPUIPlugin:80 - create IPUIPlugin
2024-01-19 15:17:35,812 [INFO] PluginManager:220 - loadIPPluginJar : add tracer_emb
2024-01-19 15:17:35,814 [INFO] IPUIPlugin:80 - create IPUIPlugin
2024-01-19 15:17:35,814 [INFO] PluginManager:220 - loadIPPluginJar : add cryp
2024-01-19 15:17:35,818 [INFO] IPUIPlugin:80 - create IPUIPlugin
2024-01-19 15:17:35,818 [INFO] PluginManager:220 - loadIPPluginJar : add stm32_wpan
2024-01-19 15:17:35,821 [INFO] IPUIPlugin:80 - create IPUIPlugin
2024-01-19 15:17:35,822 [INFO] PluginManager:220 - loadIPPluginJar : add touchsensing
2024-01-19 15:17:35,823 [INFO] IPUIPlugin:80 - create IPUIPlugin
2024-01-19 15:17:35,824 [INFO] PluginManager:220 - loadIPPluginJar : add genericplugin
2024-01-19 15:17:35,826 [INFO] IPUIPlugin:80 - create IPUIPlugin
2024-01-19 15:17:35,826 [INFO] PluginManager:220 - loadIPPluginJar : add i2s
2024-01-19 15:17:35,829 [INFO] IPUIPlugin:80 - create IPUIPlugin
2024-01-19 15:17:35,829 [INFO] PluginManager:220 - loadIPPluginJar : add lorawan
2024-01-19 15:17:35,831 [INFO] IPUIPlugin:80 - create IPUIPlugin
2024-01-19 15:17:35,831 [INFO] PluginManager:220 - loadIPPluginJar : add fatfs
2024-01-19 15:17:35,834 [INFO] IPUIPlugin:80 - create IPUIPlugin
2024-01-19 15:17:35,835 [INFO] PluginManager:220 - loadIPPluginJar : add ipddr
2024-01-19 15:17:35,841 [INFO] IPUIPlugin:80 - create IPUIPlugin
2024-01-19 15:17:35,841 [INFO] PluginManager:220 - loadIPPluginJar : add gic
2024-01-19 15:17:35,843 [INFO] IPUIPlugin:80 - create IPUIPlugin
2024-01-19 15:17:35,844 [INFO] PluginManager:220 - loadIPPluginJar : add usart
2024-01-19 15:17:35,846 [INFO] IPUIPlugin:80 - create IPUIPlugin
2024-01-19 15:17:35,846 [INFO] PluginManager:220 - loadIPPluginJar : add ts
2024-01-19 15:17:35,849 [INFO] IPUIPlugin:80 - create IPUIPlugin
2024-01-19 15:17:35,849 [INFO] PluginManager:220 - loadIPPluginJar : add aes
2024-01-19 15:17:35,851 [INFO] IPUIPlugin:80 - create IPUIPlugin
2024-01-19 15:17:35,851 [INFO] PluginManager:220 - loadIPPluginJar : add hash
2024-01-19 15:17:35,854 [INFO] IPUIPlugin:80 - create IPUIPlugin
2024-01-19 15:17:35,855 [INFO] PluginManager:220 - loadIPPluginJar : add openamp
2024-01-19 15:17:35,858 [INFO] IPUIPlugin:80 - create IPUIPlugin
2024-01-19 15:17:35,858 [INFO] PluginManager:220 - loadIPPluginJar : add usbx
2024-01-19 15:17:35,860 [INFO] IPUIPlugin:80 - create IPUIPlugin
2024-01-19 15:17:35,860 [INFO] PluginManager:220 - loadIPPluginJar : add tsc
2024-01-19 15:17:35,861 [INFO] IPUIPlugin:80 - create IPUIPlugin
2024-01-19 15:17:35,861 [INFO] PluginManager:220 - loadIPPluginJar : add ltdc
2024-01-19 15:17:35,863 [INFO] IPUIPlugin:80 - create IPUIPlugin
2024-01-19 15:17:35,863 [INFO] PluginManager:220 - loadIPPluginJar : add gfxmmu
2024-01-19 15:17:35,865 [INFO] IPUIPlugin:80 - create IPUIPlugin
2024-01-19 15:17:35,865 [INFO] PluginManager:220 - loadIPPluginJar : add ucpd
2024-01-19 15:17:35,868 [INFO] IPUIPlugin:80 - create IPUIPlugin
2024-01-19 15:17:35,869 [INFO] PluginManager:220 - loadIPPluginJar : add gpio
2024-01-19 15:17:35,871 [INFO] IPUIPlugin:80 - create IPUIPlugin
2024-01-19 15:17:35,871 [INFO] PluginManager:220 - loadIPPluginJar : add pdm2pcm
2024-01-19 15:17:35,877 [INFO] IPUIPlugin:80 - create IPUIPlugin
2024-01-19 15:17:35,877 [INFO] PluginManager:220 - loadIPPluginJar : add dma
2024-01-19 15:17:35,989 [INFO] CADModel:165 - CPN selected for project level
2024-01-19 15:17:35,989 [INFO] CADModel:114 - Register for checkConnection events
2024-01-19 15:17:35,989 [FATAL] Updater:308 - Updater called before beeing initialized
2024-01-19 15:17:35,990 [ERROR] CADModel:125 - Updater not yet initialized, retry later 
2024-01-19 15:17:36,129 [INFO] CADModel:165 - CPN selected for project level
2024-01-19 15:17:36,129 [INFO] CADModel:114 - Register for checkConnection events
2024-01-19 15:17:36,129 [FATAL] Updater:308 - Updater called before beeing initialized
2024-01-19 15:17:36,129 [ERROR] CADModel:125 - Updater not yet initialized, retry later 
2024-01-19 15:17:36,133 [FATAL] Updater:308 - Updater called before beeing initialized
2024-01-19 15:17:36,222 [FATAL] Updater:308 - Updater called before beeing initialized
2024-01-19 15:17:36,228 [INFO] DbMcusAds:53 - JSON generation date=Wed Nov 29 16:22:27 IST 2023 (1701255147349)
2024-01-19 15:17:36,229 [FATAL] Updater:308 - Updater called before beeing initialized
2024-01-19 15:17:36,277 [WARN] DetailPanel:346 - Failed to get advertising image, set to default
2024-01-19 15:17:36,401 [FATAL] Updater:308 - Updater called before beeing initialized
2024-01-19 15:17:36,403 [FATAL] Updater:308 - Updater called before beeing initialized
2024-01-19 15:17:36,403 [FATAL] Updater:308 - Updater called before beeing initialized
2024-01-19 15:17:36,403 [WARN] DetailPanel:346 - Failed to get advertising image, set to default
2024-01-19 15:17:36,404 [FATAL] Updater:308 - Updater called before beeing initialized
2024-01-19 15:17:36,444 [ERROR] Updater:1120 - MainUpdater not yet initialized. External WinMGr cannot be set.
2024-01-19 15:17:36,446 [INFO] Updater:1056 - Updater Version found : 6.9.2
2024-01-19 15:17:36,464 [INFO] ApplicationProperties:184 - Using Application install path: /opt/st/stm32cubeide_1.13.2/plugins/com.st.stm32cube.common.mx_6.9.2.202309101412
2024-01-19 15:17:36,625 [INFO] MainUpdater:2868 - connection check result : 10
2024-01-19 15:17:36,626 [INFO] MainUpdater:285 - Updater Check For Update Now.
2024-01-19 15:17:36,626 [INFO] MicroXplorer:498 - Change Database Version : DB.6.0.92
2024-01-19 15:17:36,631 [INFO] McuFinderGlobals:63 - Set McuFinder mode to 2 (CubeIDE integrated)
2024-01-19 15:17:36,631 [INFO] UserAuth:179 - activating auth plugin
2024-01-19 15:17:36,635 [INFO] UserAuth:393 - Internet connection configuration mode: 1
2024-01-19 15:17:36,647 [INFO] JxBrowserEngine:151 - Initiate JxBrowser Engine with user profile folder
2024-01-19 15:17:36,858 [INFO] CheckServerUpdateThread:120 - End of CheckServer Thread
2024-01-19 15:17:37,320 [INFO] WebApp:157 - Instantiating new browser for Auth
2024-01-19 15:17:38,357 [WARN] PackLoader:240 - Cannot read IP mode file for STMicroelectronics.X-CUBE-SMBUS.2.1.0
2024-01-19 15:17:38,363 [WARN] PackLoader:240 - Cannot read IP mode file for STMicroelectronics.X-CUBE-TOUCHGFX.4.23.0
2024-01-19 15:17:38,414 [WARN] PackLoader:240 - Cannot read IP mode file for STMicroelectronics.X-CUBE-AZRTOS-F7.1.1.0
2024-01-19 15:17:38,427 [WARN] PackLoader:240 - Cannot read IP mode file for STMicroelectronics.FP-SNS-MOTENV1.4.3.2
2024-01-19 15:17:38,435 [WARN] PackLoader:240 - Cannot read IP mode file for STMicroelectronics.FP-SNS-FLIGHT1.5.0.2
2024-01-19 15:17:38,445 [WARN] PackLoader:240 - Cannot read IP mode file for STMicroelectronics.X-CUBE-DISPLAY.3.0.0
2024-01-19 15:17:38,458 [WARN] PackLoader:240 - Cannot read IP mode file for STMicroelectronics.X-CUBE-BLE1.7.0.0
2024-01-19 15:17:38,464 [WARN] PackLoader:240 - Cannot read IP mode file for emotas.I-CUBE-CANOPEN.1.3.0
2024-01-19 15:17:38,468 [WARN] PackLoader:240 - Cannot read IP mode file for STMicroelectronics.X-CUBE-TOUCHGFX.4.22.1
2024-01-19 15:17:38,472 [WARN] PackLoader:240 - Cannot read IP mode file for STMicroelectronics.FP-SNS-SMARTAG2.1.2.0
2024-01-19 15:17:38,486 [INFO] LogOutputStream:77 - [STDOUT_REDIRECT] 1 : Invalid condition id : UX_CORESTACK_Condition cause : null
2024-01-19 15:17:38,486 [INFO] LogOutputStream:77 - [STDOUT_REDIRECT] 1 : Invalid condition id : UX_CORESTACK_Condition cause : null
2024-01-19 15:17:38,486 [INFO] LogOutputStream:77 - [STDOUT_REDIRECT] 1 : Invalid condition id : UX_CORESTACK_Condition cause : null
2024-01-19 15:17:38,487 [INFO] LogOutputStream:77 - [STDOUT_REDIRECT] 1 : Invalid condition id : UX_CORESTACK_Condition cause : null
2024-01-19 15:17:38,487 [INFO] LogOutputStream:77 - [STDOUT_REDIRECT] 1 : Invalid condition id : UX_CORESTACK_Condition cause : null
2024-01-19 15:17:38,493 [WARN] PackLoader:240 - Cannot read IP mode file for STMicroelectronics.X-CUBE-AZRTOS-WL.2.0.0
2024-01-19 15:17:38,503 [WARN] PackLoader:240 - Cannot read IP mode file for WES.I-CUBE-Cesium.1.3.0
2024-01-19 15:17:38,508 [WARN] PackLoader:240 - Cannot read IP mode file for STMicroelectronics.X-CUBE-BLE2.3.3.0
2024-01-19 15:17:38,529 [WARN] PackLoader:240 - Cannot read IP mode file for STMicroelectronics.X-CUBE-ALGOBUILD.1.3.0
2024-01-19 15:17:38,598 [WARN] PackLoader:240 - Cannot read IP mode file for STMicroelectronics.X-CUBE-AZRTOS-G0.1.1.0
2024-01-19 15:17:38,612 [WARN] PackLoader:240 - Cannot read IP mode file for STMicroelectronics.X-CUBE-NFC4.3.0.0
2024-01-19 15:17:38,633 [WARN] PackLoader:240 - Cannot read IP mode file for STMicroelectronics.X-CUBE-BLEMGR.3.0.0
2024-01-19 15:17:38,643 [WARN] PackLoader:240 - Cannot read IP mode file for STMicroelectronics.FP-ATR-SIGFOX1.3.2.0
2024-01-19 15:17:38,652 [WARN] PackLoader:240 - Cannot read IP mode file for STMicroelectronics.X-CUBE-GNSS1.6.0.0
2024-01-19 15:17:38,692 [WARN] PackLoader:240 - Cannot read IP mode file for STMicroelectronics.X-CUBE-AZRTOS-F4.1.1.0
2024-01-19 15:17:38,703 [WARN] PackLoader:240 - Cannot read IP mode file for wolfSSL.I-CUBE-wolfSSL.5.6.4
2024-01-19 15:17:38,740 [WARN] PackLoader:240 - Cannot read IP mode file for STMicroelectronics.X-CUBE-AZRTOS-L5.2.0.0
2024-01-19 15:17:38,752 [WARN] PackLoader:240 - Cannot read IP mode file for STMicroelectronics.X-CUBE-EEPRMA1.4.2.0
2024-01-19 15:17:38,760 [WARN] PackLoader:240 - Cannot read IP mode file for ITTIA_DB.I-CUBE-ITTIADB.8.8.0
2024-01-19 15:17:38,793 [WARN] ConditionMgr:438 - getConditionDescription Invalid condition id : UX DEVICE CLASS RTOS Condition cause : null
2024-01-19 15:17:38,794 [WARN] ConditionMgr:438 - getConditionDescription Invalid condition id : UX DEVICE CLASS RTOS Condition cause : null
2024-01-19 15:17:38,801 [WARN] PackLoader:240 - Cannot read IP mode file for STMicroelectronics.X-CUBE-AZRTOS-H7.3.1.0
2024-01-19 15:17:38,803 [WARN] ConditionMgr:1039 - genDependencies : Invalid condition id : UX DEVICE CLASS RTOS Condition cause : null
2024-01-19 15:17:38,803 [WARN] ConditionMgr:1039 - genDependencies : Invalid condition id : UX DEVICE CLASS RTOS Condition cause : null
2024-01-19 15:17:38,804 [WARN] ConditionMgr:1039 - genDependencies : Invalid condition id : UX DEVICE CLASS RTOS Condition cause : null
2024-01-19 15:17:38,805 [WARN] ConditionMgr:1039 - genDependencies : Invalid condition id : UX DEVICE CLASS RTOS Condition cause : null
2024-01-19 15:17:38,805 [WARN] ConditionMgr:1039 - genDependencies : Invalid condition id : UX DEVICE CLASS RTOS Condition cause : null
2024-01-19 15:17:38,815 [WARN] PackLoader:240 - Cannot read IP mode file for STMicroelectronics.X-CUBE-NFC7.1.0.1
2024-01-19 15:17:38,827 [WARN] PackLoader:240 - Cannot read IP mode file for STMicroelectronics.X-CUBE-NFC6.3.0.0
2024-01-19 15:17:38,835 [WARN] PackLoader:240 - Cannot read IP mode file for STMicroelectronics.X-CUBE-AI.8.1.0
2024-01-19 15:17:38,877 [WARN] ConditionMgr:438 - getConditionDescription Invalid condition id : LAN8742 Phy interface Condition cause : null
2024-01-19 15:17:38,879 [WARN] PackLoader:240 - Cannot read IP mode file for STMicroelectronics.X-CUBE-AZRTOS-L4.2.0.0
2024-01-19 15:17:38,882 [WARN] ConditionMgr:1039 - genDependencies : Invalid condition id : LAN8742 Phy interface Condition cause : null
2024-01-19 15:17:38,883 [WARN] ConditionMgr:1039 - genDependencies : Invalid condition id : LAN8742 Phy interface Condition cause : null
2024-01-19 15:17:38,884 [WARN] ConditionMgr:1039 - genDependencies : Invalid condition id : LAN8742 Phy interface Condition cause : null
2024-01-19 15:17:38,898 [WARN] PackLoader:240 - Cannot read IP mode file for STMicroelectronics.X-CUBE-SFXS2LP1.4.0.0
2024-01-19 15:17:38,908 [WARN] PackLoader:240 - Cannot read IP mode file for STMicroelectronics.X-CUBE-ISPU.1.1.0
2024-01-19 15:17:38,937 [WARN] ConditionMgr:438 - getConditionDescription Invalid condition id : UX DEVICE CLASS RTOS Condition cause : null
2024-01-19 15:17:38,937 [WARN] ConditionMgr:438 - getConditionDescription Invalid condition id : UX DEVICE CLASS RTOS Condition cause : null
2024-01-19 15:17:38,944 [WARN] PackLoader:240 - Cannot read IP mode file for STMicroelectronics.X-CUBE-AZRTOS-WB.2.0.0
2024-01-19 15:17:38,946 [WARN] ConditionMgr:1039 - genDependencies : Invalid condition id : UX DEVICE CLASS RTOS Condition cause : null
2024-01-19 15:17:38,946 [WARN] ConditionMgr:1039 - genDependencies : Invalid condition id : UX DEVICE CLASS RTOS Condition cause : null
2024-01-19 15:17:38,947 [WARN] ConditionMgr:1039 - genDependencies : Invalid condition id : UX DEVICE CLASS RTOS Condition cause : null
2024-01-19 15:17:38,948 [WARN] ConditionMgr:1039 - genDependencies : Invalid condition id : UX DEVICE CLASS RTOS Condition cause : null
2024-01-19 15:17:38,948 [WARN] ConditionMgr:1039 - genDependencies : Invalid condition id : UX DEVICE CLASS RTOS Condition cause : null
2024-01-19 15:17:38,972 [WARN] PackLoader:240 - Cannot read IP mode file for STMicroelectronics.X-CUBE-SUBG2.5.0.0
2024-01-19 15:17:39,012 [WARN] PackLoader:240 - Cannot read IP mode file for STMicroelectronics.X-CUBE-AZRTOS-G4.2.0.0
2024-01-19 15:17:39,036 [WARN] PackLoader:240 - Cannot read IP mode file for Infineon.AIROC-Wi-Fi-Bluetooth-STM32.1.5.1
2024-01-19 15:17:39,049 [WARN] PackLoader:240 - Cannot read IP mode file for STMicroelectronics.FP-SNS-MOTENVWB1.1.3.0
2024-01-19 15:17:39,055 [WARN] PackLoader:240 - Cannot read IP mode file for STMicroelectronics.FP-SNS-MOTENVWB1.1.3.1
2024-01-19 15:17:39,060 [WARN] PackLoader:240 - Cannot read IP mode file for STMicroelectronics.X-CUBE-ISPU.2.0.0
2024-01-19 15:17:39,128 [WARN] PackLoader:240 - Cannot read IP mode file for STMicroelectronics.X-CUBE-MEMS1.10.0.0
2024-01-19 15:17:39,331 [INFO] WebApp:753 - Register for checkConnection events
2024-01-19 15:17:39,332 [INFO] WebApp:390 - Apply proxy settings
2024-01-19 15:17:39,332 [INFO] WebApp:475 - Chromium requires no authentication
2024-01-19 15:17:39,347 [INFO] WebApp:418 - Direct internet connection detected
2024-01-19 15:17:39,504 [WARN] PackLoader:240 - Cannot read IP mode file for STMicroelectronics.X-CUBE-FREERTOS.1.1.0
2024-01-19 15:17:39,511 [WARN] PackLoader:240 - Cannot read IP mode file for portGmbH.I-Cube-SoM-uGOAL.1.1.0
2024-01-19 15:17:39,515 [WARN] PackLoader:240 - Cannot read IP mode file for STMicroelectronics.X-CUBE-ALS.1.0.1
2024-01-19 15:17:39,519 [WARN] PackLoader:240 - Cannot read IP mode file for STMicroelectronics.FP-ATR-ASTRA1.2.0.0
2024-01-19 15:17:39,533 [WARN] PackLoader:240 - Cannot read IP mode file for STMicroelectronics.X-CUBE-TOF1.3.4.0
2024-01-19 15:17:39,578 [WARN] PackLoader:240 - Cannot read IP mode file for STMicroelectronics.X-CUBE-AZRTOS-H7.3.2.0
2024-01-19 15:17:39,584 [INFO] ThirdParty:978 - Integrity check success = true
2024-01-19 15:17:39,585 [INFO] IntegrityCheckThread:100 - exiting critical section [integrity check]
2024-01-19 15:17:39,585 [INFO] IntegrityCheckThread:103 - End integrity checks thread
2024-01-19 15:17:39,604 [INFO] WebApp:188 - Starting web application
2024-01-19 15:17:39,604 [INFO] WebApp:520 - Web application path used /opt/st/stm32cubeide_1.13.2/plugins/com.st.stm32cube.common.mx_6.9.2.202309101412/db/plugins/mcufinder/reactClient1/index.html
2024-01-19 15:18:00,200 [ERROR] LogOutputStream:75 - [STDERR_REDIRECT] SLF4J: Failed to load class "org.slf4j.impl.StaticLoggerBinder".
2024-01-19 15:18:00,201 [ERROR] LogOutputStream:75 - [STDERR_REDIRECT] SLF4J: Defaulting to no-operation (NOP) logger implementation
2024-01-19 15:18:00,201 [ERROR] LogOutputStream:75 - [STDERR_REDIRECT] SLF4J: See http://www.slf4j.org/codes.html#StaticLoggerBinder for further details.
2024-01-19 15:24:55,122 [ERROR] LogOutputStream:75 - [STDERR_REDIRECT] 
2024-01-19 15:39:33,431 [INFO] Activator:176 - 


2024-01-19 15:39:33,439 [INFO] Activator:177 - !SESSION log4j initialized
2024-01-19 15:39:36,511 [INFO] LogOutputStream:77 - [STDOUT_REDIRECT] 
2024-01-19 15:39:38,860 [INFO] ApplicationProperties:184 - Using Application install path: /opt/st/stm32cubeide_1.13.2/plugins/com.st.stm32cube.common.mx_6.9.2.202309101412
2024-01-19 15:39:38,881 [INFO] DbMcusXml:78 - Set database path to: /opt/st/stm32cubeide_1.13.2/plugins/com.st.stm32cube.common.mx_6.9.2.202309101412//db//mcu/
2024-01-19 15:39:38,881 [INFO] ApiDb:274 - Set plugin database path to: /opt/st/stm32cubeide_1.13.2/plugins/com.st.stm32cube.common.mx_6.9.2.202309101412//db//plugins/boardmanager/
2024-01-19 15:39:38,882 [WARN] ApiDb:259 - Overriding images path with different value:  => /opt/st/stm32cubeide_1.13.2/plugins/com.st.stm32cube.common.mx_6.9.2.202309101412//db//plugins/mcufinder/images/
2024-01-19 15:39:38,933 [INFO] ApiDb:250 - Set database path to: /home/arasu/.stmcufinder/plugins/mcufinder//mcu/
2024-01-19 15:39:38,935 [INFO] DbMcusAds:125 - Set database path to: /home/arasu/.stmcufinder/plugins/mcufinder//mcu/
2024-01-19 15:39:38,941 [INFO] CrossReferenceDbSqlite:203 - Set database path to: /home/arasu/.stmcufinder/plugins/mcufinder//mcu/cs/
2024-01-19 15:39:39,132 [INFO] RulesReader:64 - Compatibility file has been processed (293 Rules)
2024-01-19 15:39:39,367 [INFO] DbMcusXml:78 - Set database path to: /opt/st/stm32cubeide_1.13.2/plugins/com.st.stm32cube.common.mx_6.9.2.202309101412//db//mcu/
2024-01-19 15:39:39,367 [INFO] ApiDb:274 - Set plugin database path to: /opt/st/stm32cubeide_1.13.2/plugins/com.st.stm32cube.common.mx_6.9.2.202309101412//db//plugins/boardmanager/
2024-01-19 15:39:39,368 [INFO] ApiDb:261 - Set plugin images path to: /opt/st/stm32cubeide_1.13.2/plugins/com.st.stm32cube.common.mx_6.9.2.202309101412//db//plugins/mcufinder/images/
2024-01-19 15:39:39,368 [WARN] DbFile:41 - Overriding database path with different value: /home/arasu/.stmcufinder/plugins/mcufinder/ => /home/arasu/.stmcufinder/plugins/mcufinder
2024-01-19 15:39:39,368 [INFO] ApiDb:250 - Set database path to: /home/arasu/.stmcufinder/plugins/mcufinder//mcu/
2024-01-19 15:39:39,368 [WARN] DbFile:41 - Overriding database path with different value: /home/arasu/.stmcufinder/plugins/mcufinder/ => /home/arasu/.stmcufinder/plugins/mcufinder
2024-01-19 15:39:39,368 [INFO] DbMcusAds:125 - Set database path to: /home/arasu/.stmcufinder/plugins/mcufinder//mcu/
2024-01-19 15:39:39,369 [WARN] DbFile:41 - Overriding database path with different value: /home/arasu/.stmcufinder/plugins/mcufinder/ => /home/arasu/.stmcufinder/plugins/mcufinder
2024-01-19 15:39:39,369 [WARN] DbFile:41 - Overriding database path with different value: /home/arasu/.stmcufinder/plugins/mcufinder/ => /home/arasu/.stmcufinder/plugins/mcufinder
2024-01-19 15:39:39,369 [INFO] CrossReferenceDbSqlite:203 - Set database path to: /home/arasu/.stmcufinder/plugins/mcufinder//mcu/cs/
2024-01-19 15:39:39,569 [INFO] MainPanel:262 - HeapMemory: 268435456
2024-01-19 15:39:39,871 [INFO] DbMcusXml:78 - Set database path to: /opt/st/stm32cubeide_1.13.2/plugins/com.st.stm32cube.common.mx_6.9.2.202309101412//db//mcu/
2024-01-19 15:39:39,871 [INFO] ApiDb:274 - Set plugin database path to: /opt/st/stm32cubeide_1.13.2/plugins/com.st.stm32cube.common.mx_6.9.2.202309101412//db//plugins/boardmanager/
2024-01-19 15:39:39,871 [INFO] ApiDb:261 - Set plugin images path to: /opt/st/stm32cubeide_1.13.2/plugins/com.st.stm32cube.common.mx_6.9.2.202309101412//db//plugins/mcufinder/images/
2024-01-19 15:39:39,875 [WARN] DbFile:41 - Overriding database path with different value: /home/arasu/.stmcufinder/plugins/mcufinder/ => /home/arasu/.stmcufinder/plugins/mcufinder
2024-01-19 15:39:39,875 [INFO] ApiDb:250 - Set database path to: /home/arasu/.stmcufinder/plugins/mcufinder//mcu/
2024-01-19 15:39:39,875 [WARN] DbFile:41 - Overriding database path with different value: /home/arasu/.stmcufinder/plugins/mcufinder/ => /home/arasu/.stmcufinder/plugins/mcufinder
2024-01-19 15:39:39,875 [INFO] DbMcusAds:125 - Set database path to: /home/arasu/.stmcufinder/plugins/mcufinder//mcu/
2024-01-19 15:39:39,875 [WARN] DbFile:41 - Overriding database path with different value: /home/arasu/.stmcufinder/plugins/mcufinder/ => /home/arasu/.stmcufinder/plugins/mcufinder
2024-01-19 15:39:39,875 [WARN] DbFile:41 - Overriding database path with different value: /home/arasu/.stmcufinder/plugins/mcufinder/ => /home/arasu/.stmcufinder/plugins/mcufinder
2024-01-19 15:39:39,876 [INFO] CrossReferenceDbSqlite:203 - Set database path to: /home/arasu/.stmcufinder/plugins/mcufinder//mcu/cs/
2024-01-19 15:39:39,907 [INFO] ApplicationProperties:184 - Using Application install path: /opt/st/stm32cubeide_1.13.2/plugins/com.st.stm32cube.common.mx_6.9.2.202309101412
2024-01-19 15:39:39,908 [INFO] PluginManage:196 - Search for loadable plugins [exclusion list=, ]
2024-01-19 15:39:39,909 [INFO] PluginManage:310 - Check plugin analytics
2024-01-19 15:39:40,327 [INFO] AnalyticsPlugin:253 - Accepted Software Licenses: STM32CubeMX.6.9.2
2024-01-19 15:39:40,328 [INFO] AnalyticsPlugin:255 - Accepted CMSIS Pack Licenses: 
2024-01-19 15:39:40,328 [INFO] AnalyticsPlugin:257 - Accepted Firmware Licenses: 
2024-01-19 15:39:40,332 [INFO] PluginManage:359 - Loaded plugin analytics (category:tool,tabindex:-1)
2024-01-19 15:39:40,333 [INFO] PluginManage:310 - Check plugin cadmodel
2024-01-19 15:39:40,545 [INFO] CADModel:105 - Init CAD model plugin
2024-01-19 15:39:40,546 [INFO] PluginManage:359 - Loaded plugin cadmodel (category:power,tabindex:5)
2024-01-19 15:39:40,546 [INFO] PluginManage:310 - Check plugin clock
2024-01-19 15:39:40,596 [INFO] PluginManage:359 - Loaded plugin clock (category:base,tabindex:2)
2024-01-19 15:39:40,596 [INFO] PluginManage:310 - Check plugin ddr
2024-01-19 15:39:40,604 [INFO] PluginManage:359 - Loaded plugin ddr (category:tool,tabindex:6)
2024-01-19 15:39:40,604 [INFO] PluginManage:310 - Check plugin filemanager
2024-01-19 15:39:40,955 [INFO] PluginManage:359 - Loaded plugin filemanager (category:base,tabindex:10)
2024-01-19 15:39:40,955 [INFO] PluginManage:310 - Check plugin ipmanager
2024-01-19 15:39:40,969 [INFO] PluginManage:359 - Loaded plugin ipmanager (category:base,tabindex:5)
2024-01-19 15:39:40,970 [INFO] PluginManage:310 - Check plugin lpbam
2024-01-19 15:39:40,999 [INFO] PluginManage:359 - Loaded plugin lpbam (category:base,tabindex:0)
2024-01-19 15:39:40,999 [INFO] PluginManage:310 - Check plugin memorymap
2024-01-19 15:39:41,052 [INFO] PluginManage:359 - Loaded plugin memorymap (category:base,tabindex:4)
2024-01-19 15:39:41,052 [INFO] PluginManage:310 - Check plugin pinoutandconfiguration
2024-01-19 15:39:41,098 [INFO] PluginManage:359 - Loaded plugin pinoutandconfiguration (category:base,tabindex:1)
2024-01-19 15:39:41,098 [INFO] PluginManage:310 - Check plugin pinoutconfig
2024-01-19 15:39:41,294 [WARN] SupportedApi:132 - Cannot load RTOS API schema: s4s-elt-must-match.1: The content of 'definitions' must match (annotation?, (simpleType | complexType)?, (unique | key | keyref)*)). A problem was found starting at: attribute.
2024-01-19 15:39:41,691 [INFO] PluginManage:359 - Loaded plugin pinoutconfig (category:base,tabindex:0)
2024-01-19 15:39:41,691 [INFO] PluginManage:310 - Check plugin power
2024-01-19 15:39:41,742 [INFO] PluginManage:359 - Loaded plugin power (category:power,tabindex:4)
2024-01-19 15:39:41,742 [INFO] PluginManage:310 - Check plugin projectmanager
2024-01-19 15:39:41,772 [INFO] PluginManage:359 - Loaded plugin projectmanager (category:projectmanager,tabindex:3)
2024-01-19 15:39:41,772 [INFO] PluginManage:310 - Check plugin thirdparty
2024-01-19 15:39:42,098 [INFO] PluginManage:359 - Loaded plugin thirdparty (category:base,tabindex:-1)
2024-01-19 15:39:42,099 [INFO] PluginManage:310 - Check plugin tools
2024-01-19 15:39:42,098 [WARN] IntegrityCheckThread:84 - waiting for thirdparty lock release [integrity check]
2024-01-19 15:39:42,099 [INFO] IntegrityCheckThread:86 - entering critical section [integrity check]
2024-01-19 15:39:42,100 [INFO] ThirdPartyUpdaterWithRetryManager:70 - Updater plugin not ready yet. [1/15]
2024-01-19 15:39:42,101 [INFO] PluginManage:359 - Loaded plugin tools (category:base,tabindex:7)
2024-01-19 15:39:42,101 [INFO] PluginManage:310 - Check plugin tutovideos
2024-01-19 15:39:42,297 [INFO] PluginManage:359 - Loaded plugin tutovideos (category:base,tabindex:-1)
2024-01-19 15:39:42,297 [INFO] PluginManage:310 - Check plugin updater
2024-01-19 15:39:42,307 [INFO] PluginManage:359 - Loaded plugin updater (category:base,tabindex:12)
2024-01-19 15:39:42,307 [INFO] PluginManage:310 - Check plugin userauth
2024-01-19 15:39:42,312 [INFO] UserAuth:113 - Init User Auth plugin
2024-01-19 15:39:42,312 [INFO] PluginManage:359 - Loaded plugin userauth (category:base,tabindex:14)
2024-01-19 15:39:42,312 [INFO] PluginManage:283 - PluginManage : Loaded plugins [17]
2024-01-19 15:39:42,523 [INFO] PinOutPanel:1499 - setPackage(No Configuration,No Configuration)
2024-01-19 15:39:42,642 [INFO] CADModel:165 - CPN selected for project level
2024-01-19 15:39:42,643 [INFO] CADModel:114 - Register for checkConnection events
2024-01-19 15:39:42,655 [INFO] IPUIPlugin:80 - create IPUIPlugin
2024-01-19 15:39:42,656 [INFO] PluginManager:220 - loadIPPluginJar : add mdma
2024-01-19 15:39:42,662 [INFO] IPUIPlugin:80 - create IPUIPlugin
2024-01-19 15:39:42,662 [INFO] PluginManager:220 - loadIPPluginJar : add i3c
2024-01-19 15:39:42,665 [INFO] IPUIPlugin:80 - create IPUIPlugin
2024-01-19 15:39:42,665 [INFO] PluginManager:220 - loadIPPluginJar : add i2c
2024-01-19 15:39:42,668 [INFO] IPUIPlugin:80 - create IPUIPlugin
2024-01-19 15:39:42,668 [INFO] PluginManager:220 - loadIPPluginJar : add spi
2024-01-19 15:39:42,670 [INFO] IPUIPlugin:80 - create IPUIPlugin
2024-01-19 15:39:42,671 [INFO] PluginManager:220 - loadIPPluginJar : add can
2024-01-19 15:39:42,677 [INFO] IPUIPlugin:80 - create IPUIPlugin
2024-01-19 15:39:42,678 [INFO] PluginManager:220 - loadIPPluginJar : add linkedlist
2024-01-19 15:39:42,683 [INFO] IPUIPlugin:80 - create IPUIPlugin
2024-01-19 15:39:42,683 [INFO] PluginManager:220 - loadIPPluginJar : add freertos
2024-01-19 15:39:42,685 [INFO] IPUIPlugin:80 - create IPUIPlugin
2024-01-19 15:39:42,685 [INFO] PluginManager:220 - loadIPPluginJar : add dma3
2024-01-19 15:39:42,687 [INFO] IPUIPlugin:80 - create IPUIPlugin
2024-01-19 15:39:42,687 [INFO] PluginManager:220 - loadIPPluginJar : add dfsdm
2024-01-19 15:39:42,692 [INFO] IPUIPlugin:80 - create IPUIPlugin
2024-01-19 15:39:42,692 [INFO] PluginManager:220 - loadIPPluginJar : add fmc
2024-01-19 15:39:42,695 [INFO] IPUIPlugin:80 - create IPUIPlugin
2024-01-19 15:39:42,695 [INFO] PluginManager:220 - loadIPPluginJar : add sai
2024-01-19 15:39:42,699 [INFO] IPUIPlugin:80 - create IPUIPlugin
2024-01-19 15:39:42,699 [INFO] PluginManager:220 - loadIPPluginJar : add nvic
2024-01-19 15:39:42,701 [INFO] IPUIPlugin:80 - create IPUIPlugin
2024-01-19 15:39:42,701 [INFO] PluginManager:220 - loadIPPluginJar : add tim
2024-01-19 15:39:42,703 [INFO] IPUIPlugin:80 - create IPUIPlugin
2024-01-19 15:39:42,703 [INFO] PluginManager:220 - loadIPPluginJar : add gtzc
2024-01-19 15:39:42,709 [INFO] IPUIPlugin:80 - create IPUIPlugin
2024-01-19 15:39:42,709 [INFO] PluginManager:220 - loadIPPluginJar : add adc
2024-01-19 15:39:42,711 [INFO] IPUIPlugin:80 - create IPUIPlugin
2024-01-19 15:39:42,711 [INFO] PluginManager:220 - loadIPPluginJar : add comp
2024-01-19 15:39:42,714 [INFO] IPUIPlugin:80 - create IPUIPlugin
2024-01-19 15:39:42,714 [INFO] PluginManager:220 - loadIPPluginJar : add opamp
2024-01-19 15:39:42,720 [INFO] IPUIPlugin:80 - create IPUIPlugin
2024-01-19 15:39:42,722 [INFO] PluginManager:220 - loadIPPluginJar : add plateformsettings
2024-01-19 15:39:42,725 [INFO] IPUIPlugin:80 - create IPUIPlugin
2024-01-19 15:39:42,726 [INFO] PluginManager:220 - loadIPPluginJar : add resmgrutility
2024-01-19 15:39:42,727 [INFO] IPUIPlugin:80 - create IPUIPlugin
2024-01-19 15:39:42,727 [INFO] PluginManager:220 - loadIPPluginJar : add quadspi
2024-01-19 15:39:42,729 [INFO] IPUIPlugin:80 - create IPUIPlugin
2024-01-19 15:39:42,730 [INFO] PluginManager:220 - loadIPPluginJar : add tracer_emb
2024-01-19 15:39:42,732 [INFO] IPUIPlugin:80 - create IPUIPlugin
2024-01-19 15:39:42,732 [INFO] PluginManager:220 - loadIPPluginJar : add cryp
2024-01-19 15:39:42,737 [INFO] IPUIPlugin:80 - create IPUIPlugin
2024-01-19 15:39:42,737 [INFO] PluginManager:220 - loadIPPluginJar : add stm32_wpan
2024-01-19 15:39:42,740 [INFO] IPUIPlugin:80 - create IPUIPlugin
2024-01-19 15:39:42,740 [INFO] PluginManager:220 - loadIPPluginJar : add touchsensing
2024-01-19 15:39:42,741 [INFO] IPUIPlugin:80 - create IPUIPlugin
2024-01-19 15:39:42,741 [INFO] PluginManager:220 - loadIPPluginJar : add genericplugin
2024-01-19 15:39:42,744 [INFO] IPUIPlugin:80 - create IPUIPlugin
2024-01-19 15:39:42,744 [INFO] PluginManager:220 - loadIPPluginJar : add i2s
2024-01-19 15:39:42,746 [INFO] IPUIPlugin:80 - create IPUIPlugin
2024-01-19 15:39:42,747 [INFO] PluginManager:220 - loadIPPluginJar : add lorawan
2024-01-19 15:39:42,748 [INFO] IPUIPlugin:80 - create IPUIPlugin
2024-01-19 15:39:42,748 [INFO] PluginManager:220 - loadIPPluginJar : add fatfs
2024-01-19 15:39:42,751 [INFO] IPUIPlugin:80 - create IPUIPlugin
2024-01-19 15:39:42,751 [INFO] PluginManager:220 - loadIPPluginJar : add ipddr
2024-01-19 15:39:42,756 [INFO] IPUIPlugin:80 - create IPUIPlugin
2024-01-19 15:39:42,756 [INFO] PluginManager:220 - loadIPPluginJar : add gic
2024-01-19 15:39:42,758 [INFO] IPUIPlugin:80 - create IPUIPlugin
2024-01-19 15:39:42,759 [INFO] PluginManager:220 - loadIPPluginJar : add usart
2024-01-19 15:39:42,760 [INFO] IPUIPlugin:80 - create IPUIPlugin
2024-01-19 15:39:42,760 [INFO] PluginManager:220 - loadIPPluginJar : add ts
2024-01-19 15:39:42,763 [INFO] IPUIPlugin:80 - create IPUIPlugin
2024-01-19 15:39:42,763 [INFO] PluginManager:220 - loadIPPluginJar : add aes
2024-01-19 15:39:42,765 [INFO] IPUIPlugin:80 - create IPUIPlugin
2024-01-19 15:39:42,765 [INFO] PluginManager:220 - loadIPPluginJar : add hash
2024-01-19 15:39:42,767 [INFO] IPUIPlugin:80 - create IPUIPlugin
2024-01-19 15:39:42,767 [INFO] PluginManager:220 - loadIPPluginJar : add openamp
2024-01-19 15:39:42,770 [INFO] IPUIPlugin:80 - create IPUIPlugin
2024-01-19 15:39:42,770 [INFO] PluginManager:220 - loadIPPluginJar : add usbx
2024-01-19 15:39:42,771 [INFO] IPUIPlugin:80 - create IPUIPlugin
2024-01-19 15:39:42,771 [INFO] PluginManager:220 - loadIPPluginJar : add tsc
2024-01-19 15:39:42,772 [INFO] IPUIPlugin:80 - create IPUIPlugin
2024-01-19 15:39:42,772 [INFO] PluginManager:220 - loadIPPluginJar : add ltdc
2024-01-19 15:39:42,774 [INFO] IPUIPlugin:80 - create IPUIPlugin
2024-01-19 15:39:42,774 [INFO] PluginManager:220 - loadIPPluginJar : add gfxmmu
2024-01-19 15:39:42,776 [INFO] IPUIPlugin:80 - create IPUIPlugin
2024-01-19 15:39:42,776 [INFO] PluginManager:220 - loadIPPluginJar : add ucpd
2024-01-19 15:39:42,779 [INFO] IPUIPlugin:80 - create IPUIPlugin
2024-01-19 15:39:42,779 [INFO] PluginManager:220 - loadIPPluginJar : add gpio
2024-01-19 15:39:42,782 [INFO] IPUIPlugin:80 - create IPUIPlugin
2024-01-19 15:39:42,782 [INFO] PluginManager:220 - loadIPPluginJar : add pdm2pcm
2024-01-19 15:39:42,787 [INFO] IPUIPlugin:80 - create IPUIPlugin
2024-01-19 15:39:42,788 [INFO] PluginManager:220 - loadIPPluginJar : add dma
2024-01-19 15:39:42,894 [INFO] CADModel:165 - CPN selected for project level
2024-01-19 15:39:42,895 [INFO] CADModel:114 - Register for checkConnection events
2024-01-19 15:39:42,896 [FATAL] Updater:308 - Updater called before beeing initialized
2024-01-19 15:39:42,896 [ERROR] CADModel:125 - Updater not yet initialized, retry later 
2024-01-19 15:39:43,075 [INFO] CADModel:165 - CPN selected for project level
2024-01-19 15:39:43,076 [INFO] CADModel:114 - Register for checkConnection events
2024-01-19 15:39:43,076 [FATAL] Updater:308 - Updater called before beeing initialized
2024-01-19 15:39:43,076 [ERROR] CADModel:125 - Updater not yet initialized, retry later 
2024-01-19 15:39:43,080 [FATAL] Updater:308 - Updater called before beeing initialized
2024-01-19 15:39:43,193 [FATAL] Updater:308 - Updater called before beeing initialized
2024-01-19 15:39:43,200 [INFO] DbMcusAds:53 - JSON generation date=Wed Nov 29 16:22:27 IST 2023 (1701255147349)
2024-01-19 15:39:43,201 [FATAL] Updater:308 - Updater called before beeing initialized
2024-01-19 15:39:43,252 [WARN] DetailPanel:346 - Failed to get advertising image, set to default
2024-01-19 15:39:43,393 [FATAL] Updater:308 - Updater called before beeing initialized
2024-01-19 15:39:43,395 [FATAL] Updater:308 - Updater called before beeing initialized
2024-01-19 15:39:43,395 [FATAL] Updater:308 - Updater called before beeing initialized
2024-01-19 15:39:43,395 [WARN] DetailPanel:346 - Failed to get advertising image, set to default
2024-01-19 15:39:43,397 [FATAL] Updater:308 - Updater called before beeing initialized
2024-01-19 15:39:43,446 [ERROR] Updater:1120 - MainUpdater not yet initialized. External WinMGr cannot be set.
2024-01-19 15:39:43,448 [INFO] Updater:1056 - Updater Version found : 6.9.2
2024-01-19 15:39:43,469 [INFO] ApplicationProperties:184 - Using Application install path: /opt/st/stm32cubeide_1.13.2/plugins/com.st.stm32cube.common.mx_6.9.2.202309101412
2024-01-19 15:39:43,771 [INFO] MainUpdater:2868 - connection check result : 10
2024-01-19 15:39:43,772 [INFO] MainUpdater:285 - Updater Check For Update Now.
2024-01-19 15:39:43,772 [INFO] MicroXplorer:498 - Change Database Version : DB.6.0.92
2024-01-19 15:39:43,779 [INFO] McuFinderGlobals:63 - Set McuFinder mode to 2 (CubeIDE integrated)
2024-01-19 15:39:43,779 [INFO] UserAuth:179 - activating auth plugin
2024-01-19 15:39:43,783 [INFO] UserAuth:393 - Internet connection configuration mode: 1
2024-01-19 15:39:43,799 [INFO] JxBrowserEngine:151 - Initiate JxBrowser Engine with user profile folder
2024-01-19 15:39:44,002 [INFO] CheckServerUpdateThread:120 - End of CheckServer Thread
2024-01-19 15:39:44,701 [INFO] WebApp:157 - Instantiating new browser for Auth
2024-01-19 15:39:45,814 [WARN] PackLoader:240 - Cannot read IP mode file for STMicroelectronics.X-CUBE-SMBUS.2.1.0
2024-01-19 15:39:45,832 [WARN] PackLoader:240 - Cannot read IP mode file for STMicroelectronics.X-CUBE-TOUCHGFX.4.23.0
2024-01-19 15:39:45,921 [WARN] PackLoader:240 - Cannot read IP mode file for STMicroelectronics.X-CUBE-AZRTOS-F7.1.1.0
2024-01-19 15:39:45,939 [WARN] PackLoader:240 - Cannot read IP mode file for STMicroelectronics.FP-SNS-MOTENV1.4.3.2
2024-01-19 15:39:45,947 [WARN] PackLoader:240 - Cannot read IP mode file for STMicroelectronics.FP-SNS-FLIGHT1.5.0.2
2024-01-19 15:39:45,959 [WARN] PackLoader:240 - Cannot read IP mode file for STMicroelectronics.X-CUBE-DISPLAY.3.0.0
2024-01-19 15:39:45,987 [WARN] PackLoader:240 - Cannot read IP mode file for STMicroelectronics.X-CUBE-BLE1.7.0.0
2024-01-19 15:39:45,999 [WARN] PackLoader:240 - Cannot read IP mode file for emotas.I-CUBE-CANOPEN.1.3.0
2024-01-19 15:39:46,002 [WARN] PackLoader:240 - Cannot read IP mode file for STMicroelectronics.X-CUBE-TOUCHGFX.4.22.1
2024-01-19 15:39:46,007 [WARN] PackLoader:240 - Cannot read IP mode file for STMicroelectronics.FP-SNS-SMARTAG2.1.2.0
2024-01-19 15:39:46,029 [INFO] LogOutputStream:77 - [STDOUT_REDIRECT] 1 : Invalid condition id : UX_CORESTACK_Condition cause : null
2024-01-19 15:39:46,031 [INFO] LogOutputStream:77 - [STDOUT_REDIRECT] 1 : Invalid condition id : UX_CORESTACK_Condition cause : null
2024-01-19 15:39:46,031 [INFO] LogOutputStream:77 - [STDOUT_REDIRECT] 1 : Invalid condition id : UX_CORESTACK_Condition cause : null
2024-01-19 15:39:46,031 [INFO] LogOutputStream:77 - [STDOUT_REDIRECT] 1 : Invalid condition id : UX_CORESTACK_Condition cause : null
2024-01-19 15:39:46,032 [INFO] LogOutputStream:77 - [STDOUT_REDIRECT] 1 : Invalid condition id : UX_CORESTACK_Condition cause : null
2024-01-19 15:39:46,040 [WARN] PackLoader:240 - Cannot read IP mode file for STMicroelectronics.X-CUBE-AZRTOS-WL.2.0.0
2024-01-19 15:39:46,066 [WARN] PackLoader:240 - Cannot read IP mode file for WES.I-CUBE-Cesium.1.3.0
2024-01-19 15:39:46,076 [WARN] PackLoader:240 - Cannot read IP mode file for STMicroelectronics.X-CUBE-BLE2.3.3.0
2024-01-19 15:39:46,096 [WARN] PackLoader:240 - Cannot read IP mode file for STMicroelectronics.X-CUBE-ALGOBUILD.1.3.0
2024-01-19 15:39:46,134 [WARN] PackLoader:240 - Cannot read IP mode file for STMicroelectronics.X-CUBE-AZRTOS-G0.1.1.0
2024-01-19 15:39:46,147 [WARN] PackLoader:240 - Cannot read IP mode file for STMicroelectronics.X-CUBE-NFC4.3.0.0
2024-01-19 15:39:46,168 [WARN] PackLoader:240 - Cannot read IP mode file for STMicroelectronics.X-CUBE-BLEMGR.3.0.0
2024-01-19 15:39:46,178 [WARN] PackLoader:240 - Cannot read IP mode file for STMicroelectronics.FP-ATR-SIGFOX1.3.2.0
2024-01-19 15:39:46,193 [WARN] PackLoader:240 - Cannot read IP mode file for STMicroelectronics.X-CUBE-GNSS1.6.0.0
2024-01-19 15:39:46,254 [WARN] PackLoader:240 - Cannot read IP mode file for STMicroelectronics.X-CUBE-AZRTOS-F4.1.1.0
2024-01-19 15:39:46,275 [WARN] PackLoader:240 - Cannot read IP mode file for wolfSSL.I-CUBE-wolfSSL.5.6.4
2024-01-19 15:39:46,321 [WARN] PackLoader:240 - Cannot read IP mode file for STMicroelectronics.X-CUBE-AZRTOS-L5.2.0.0
2024-01-19 15:39:46,339 [WARN] PackLoader:240 - Cannot read IP mode file for STMicroelectronics.X-CUBE-EEPRMA1.4.2.0
2024-01-19 15:39:46,351 [WARN] PackLoader:240 - Cannot read IP mode file for ITTIA_DB.I-CUBE-ITTIADB.8.8.0
2024-01-19 15:39:46,529 [WARN] ConditionMgr:438 - getConditionDescription Invalid condition id : UX DEVICE CLASS RTOS Condition cause : null
2024-01-19 15:39:46,529 [WARN] ConditionMgr:438 - getConditionDescription Invalid condition id : UX DEVICE CLASS RTOS Condition cause : null
2024-01-19 15:39:46,534 [WARN] PackLoader:240 - Cannot read IP mode file for STMicroelectronics.X-CUBE-AZRTOS-H7.3.1.0
2024-01-19 15:39:46,535 [WARN] ConditionMgr:1039 - genDependencies : Invalid condition id : UX DEVICE CLASS RTOS Condition cause : null
2024-01-19 15:39:46,535 [WARN] ConditionMgr:1039 - genDependencies : Invalid condition id : UX DEVICE CLASS RTOS Condition cause : null
2024-01-19 15:39:46,536 [WARN] ConditionMgr:1039 - genDependencies : Invalid condition id : UX DEVICE CLASS RTOS Condition cause : null
2024-01-19 15:39:46,537 [WARN] ConditionMgr:1039 - genDependencies : Invalid condition id : UX DEVICE CLASS RTOS Condition cause : null
2024-01-19 15:39:46,537 [WARN] ConditionMgr:1039 - genDependencies : Invalid condition id : UX DEVICE CLASS RTOS Condition cause : null
2024-01-19 15:39:46,588 [WARN] PackLoader:240 - Cannot read IP mode file for STMicroelectronics.X-CUBE-NFC7.1.0.1
2024-01-19 15:39:46,613 [WARN] PackLoader:240 - Cannot read IP mode file for STMicroelectronics.X-CUBE-NFC6.3.0.0
2024-01-19 15:39:46,655 [WARN] PackLoader:240 - Cannot read IP mode file for STMicroelectronics.X-CUBE-AI.8.1.0
2024-01-19 15:39:46,776 [WARN] ConditionMgr:438 - getConditionDescription Invalid condition id : LAN8742 Phy interface Condition cause : null
2024-01-19 15:39:46,777 [WARN] PackLoader:240 - Cannot read IP mode file for STMicroelectronics.X-CUBE-AZRTOS-L4.2.0.0
2024-01-19 15:39:46,779 [WARN] ConditionMgr:1039 - genDependencies : Invalid condition id : LAN8742 Phy interface Condition cause : null
2024-01-19 15:39:46,780 [WARN] ConditionMgr:1039 - genDependencies : Invalid condition id : LAN8742 Phy interface Condition cause : null
2024-01-19 15:39:46,781 [WARN] ConditionMgr:1039 - genDependencies : Invalid condition id : LAN8742 Phy interface Condition cause : null
2024-01-19 15:39:46,835 [WARN] PackLoader:240 - Cannot read IP mode file for STMicroelectronics.X-CUBE-SFXS2LP1.4.0.0
2024-01-19 15:39:46,876 [WARN] PackLoader:240 - Cannot read IP mode file for STMicroelectronics.X-CUBE-ISPU.1.1.0
2024-01-19 15:39:47,002 [INFO] WebApp:753 - Register for checkConnection events
2024-01-19 15:39:47,002 [INFO] WebApp:390 - Apply proxy settings
2024-01-19 15:39:47,002 [INFO] WebApp:475 - Chromium requires no authentication
2024-01-19 15:39:47,007 [WARN] ConditionMgr:438 - getConditionDescription Invalid condition id : UX DEVICE CLASS RTOS Condition cause : null
2024-01-19 15:39:47,008 [WARN] ConditionMgr:438 - getConditionDescription Invalid condition id : UX DEVICE CLASS RTOS Condition cause : null
2024-01-19 15:39:47,010 [WARN] PackLoader:240 - Cannot read IP mode file for STMicroelectronics.X-CUBE-AZRTOS-WB.2.0.0
2024-01-19 15:39:47,012 [WARN] ConditionMgr:1039 - genDependencies : Invalid condition id : UX DEVICE CLASS RTOS Condition cause : null
2024-01-19 15:39:47,012 [WARN] ConditionMgr:1039 - genDependencies : Invalid condition id : UX DEVICE CLASS RTOS Condition cause : null
2024-01-19 15:39:47,013 [WARN] ConditionMgr:1039 - genDependencies : Invalid condition id : UX DEVICE CLASS RTOS Condition cause : null
2024-01-19 15:39:47,013 [WARN] ConditionMgr:1039 - genDependencies : Invalid condition id : UX DEVICE CLASS RTOS Condition cause : null
2024-01-19 15:39:47,013 [WARN] ConditionMgr:1039 - genDependencies : Invalid condition id : UX DEVICE CLASS RTOS Condition cause : null
2024-01-19 15:39:47,014 [INFO] WebApp:418 - Direct internet connection detected
2024-01-19 15:39:47,108 [WARN] PackLoader:240 - Cannot read IP mode file for STMicroelectronics.X-CUBE-SUBG2.5.0.0
2024-01-19 15:39:47,173 [WARN] PackLoader:240 - Cannot read IP mode file for STMicroelectronics.X-CUBE-AZRTOS-G4.2.0.0
2024-01-19 15:39:47,199 [WARN] PackLoader:240 - Cannot read IP mode file for Infineon.AIROC-Wi-Fi-Bluetooth-STM32.1.5.1
2024-01-19 15:39:47,225 [WARN] PackLoader:240 - Cannot read IP mode file for STMicroelectronics.FP-SNS-MOTENVWB1.1.3.0
2024-01-19 15:39:47,276 [WARN] PackLoader:240 - Cannot read IP mode file for STMicroelectronics.FP-SNS-MOTENVWB1.1.3.1
2024-01-19 15:39:47,279 [INFO] WebApp:188 - Starting web application
2024-01-19 15:39:47,280 [INFO] WebApp:520 - Web application path used /opt/st/stm32cubeide_1.13.2/plugins/com.st.stm32cube.common.mx_6.9.2.202309101412/db/plugins/mcufinder/reactClient1/index.html
2024-01-19 15:39:47,308 [WARN] PackLoader:240 - Cannot read IP mode file for STMicroelectronics.X-CUBE-ISPU.2.0.0
2024-01-19 15:39:47,363 [WARN] PackLoader:240 - Cannot read IP mode file for STMicroelectronics.X-CUBE-MEMS1.10.0.0
2024-01-19 15:39:47,589 [WARN] PackLoader:240 - Cannot read IP mode file for STMicroelectronics.X-CUBE-FREERTOS.1.1.0
2024-01-19 15:39:47,597 [WARN] PackLoader:240 - Cannot read IP mode file for portGmbH.I-Cube-SoM-uGOAL.1.1.0
2024-01-19 15:39:47,602 [WARN] PackLoader:240 - Cannot read IP mode file for STMicroelectronics.X-CUBE-ALS.1.0.1
2024-01-19 15:39:47,608 [WARN] PackLoader:240 - Cannot read IP mode file for STMicroelectronics.FP-ATR-ASTRA1.2.0.0
2024-01-19 15:39:47,624 [WARN] PackLoader:240 - Cannot read IP mode file for STMicroelectronics.X-CUBE-TOF1.3.4.0
2024-01-19 15:39:47,667 [WARN] PackLoader:240 - Cannot read IP mode file for STMicroelectronics.X-CUBE-AZRTOS-H7.3.2.0
2024-01-19 15:39:47,671 [INFO] ThirdParty:978 - Integrity check success = true
2024-01-19 15:39:47,671 [INFO] IntegrityCheckThread:100 - exiting critical section [integrity check]
2024-01-19 15:39:47,671 [INFO] IntegrityCheckThread:103 - End integrity checks thread
2024-01-19 15:40:07,942 [ERROR] LogOutputStream:75 - [STDERR_REDIRECT] SLF4J: Failed to load class "org.slf4j.impl.StaticLoggerBinder".
2024-01-19 15:40:07,943 [ERROR] LogOutputStream:75 - [STDERR_REDIRECT] SLF4J: Defaulting to no-operation (NOP) logger implementation
2024-01-19 15:40:07,943 [ERROR] LogOutputStream:75 - [STDERR_REDIRECT] SLF4J: See http://www.slf4j.org/codes.html#StaticLoggerBinder for further details.
